2016-12-29 10:50:27 [main] INFO  hss.Application - Starting Application on Foreveross-PC with PID 6548 (C:\Users\Foreveross\IdeaProjects\sihouzi\target\classes started by Foreveross in C:\Users\Foreveross\IdeaProjects\sihouzi)
2016-12-29 10:50:27 [main] INFO  hss.Application - The following profiles are active: prod
2016-12-29 10:50:28 [main] INFO  o.s.b.f.xml.XmlBeanDefinitionReader - Loading XML bean definitions from file [C:\Users\Foreveross\IdeaProjects\sihouzi\target\classes\spring\services.xml]
2016-12-29 10:50:29 [main] INFO  o.s.b.c.e.AnnotationConfigEmbeddedWebApplicationContext - Refreshing org.springframework.boot.context.embedded.AnnotationConfigEmbeddedWebApplicationContext@229d10bd: startup date [Thu Dec 29 10:50:29 CST 2016]; root of context hierarchy
2016-12-29 10:50:36 [main] INFO  o.s.c.s.PostProcessorRegistrationDelegate$BeanPostProcessorChecker - Bean 'org.springframework.transaction.annotation.ProxyTransactionManagementConfiguration' of type [class org.springframework.transaction.annotation.ProxyTransactionManagementConfiguration$$EnhancerBySpringCGLIB$$df81016f] is not eligible for getting processed by all BeanPostProcessors (for example: not eligible for auto-proxying)
2016-12-29 10:50:38 [main] INFO  o.s.b.c.e.t.TomcatEmbeddedServletContainer - Tomcat initialized with port(s): 8088 (http)
2016-12-29 10:50:38 [main] INFO  o.a.catalina.core.StandardService - Starting service Tomcat
2016-12-29 10:50:38 [main] INFO  o.a.catalina.core.StandardEngine - Starting Servlet Engine: Apache Tomcat/8.0.33
2016-12-29 10:50:39 [localhost-startStop-1] INFO  o.apache.jasper.servlet.TldScanner - At least one JAR was scanned for TLDs yet contained no TLDs. Enable debug logging for this logger for a complete list of JARs that were scanned but no TLDs were found in them. Skipping unneeded JARs during scanning can improve startup time and JSP compilation time.
2016-12-29 10:50:39 [localhost-startStop-1] INFO  o.a.c.c.C.[Tomcat].[localhost].[/] - Initializing Spring embedded WebApplicationContext
2016-12-29 10:50:39 [localhost-startStop-1] INFO  o.s.web.context.ContextLoader - Root WebApplicationContext: initialization completed in 10423 ms
2016-12-29 10:50:40 [localhost-startStop-1] INFO  o.s.b.c.e.ServletRegistrationBean - Mapping servlet: 'dispatcherServlet' to [/]
2016-12-29 10:50:40 [localhost-startStop-1] INFO  o.s.b.c.e.ServletRegistrationBean - Mapping servlet: 'dubbox-dispatcherServlet' to [/api/*]
2016-12-29 10:50:40 [localhost-startStop-1] INFO  o.s.b.c.e.ServletRegistrationBean - Mapping servlet: 'statViewServlet' to [/druid/*]
2016-12-29 10:50:40 [localhost-startStop-1] INFO  o.s.b.c.e.FilterRegistrationBean - Mapping filter: 'characterEncodingFilter' to: [/*]
2016-12-29 10:50:40 [localhost-startStop-1] INFO  o.s.b.c.e.FilterRegistrationBean - Mapping filter: 'hiddenHttpMethodFilter' to: [/*]
2016-12-29 10:50:40 [localhost-startStop-1] INFO  o.s.b.c.e.FilterRegistrationBean - Mapping filter: 'httpPutFormContentFilter' to: [/*]
2016-12-29 10:50:40 [localhost-startStop-1] INFO  o.s.b.c.e.FilterRegistrationBean - Mapping filter: 'requestContextFilter' to: [/*]
2016-12-29 10:50:40 [localhost-startStop-1] INFO  o.s.b.c.e.FilterRegistrationBean - Mapping filter: 'webStatFilter' to urls: [/*]
2016-12-29 10:50:40 [main] INFO  o.s.o.j.LocalContainerEntityManagerFactoryBean - Building JPA container EntityManagerFactory for persistence unit 'default'
2016-12-29 10:50:42 [main] INFO  c.a.druid.pool.DruidDataSource - {dataSource-1} inited
2016-12-29 10:50:45 [main] INFO  o.s.w.s.m.m.a.RequestMappingHandlerAdapter - Looking for @ControllerAdvice: org.springframework.boot.context.embedded.AnnotationConfigEmbeddedWebApplicationContext@229d10bd: startup date [Thu Dec 29 10:50:29 CST 2016]; root of context hierarchy
2016-12-29 10:50:45 [main] INFO  o.s.w.s.m.m.a.RequestMappingHandlerMapping - Mapped "{[/shop/hehe]}" onto public java.lang.String hss.service.rest.ShopRestServiceImpl.hehe()
2016-12-29 10:50:45 [main] INFO  o.s.w.s.m.m.a.RequestMappingHandlerMapping - Mapped "{[/shop/update/{id}],methods=[PUT]}" onto public com.foreveross.springboot.dubbo.utils.Payload hss.service.rest.ShopRestServiceImpl.updateShopById(java.lang.Integer,hss.domain.Shop)
2016-12-29 10:50:45 [main] INFO  o.s.w.s.m.m.a.RequestMappingHandlerMapping - Mapped "{[/shop/],methods=[GET]}" onto public com.foreveross.springboot.dubbo.utils.Payload hss.service.rest.ShopRestServiceImpl.getShopList()
2016-12-29 10:50:45 [main] INFO  o.s.w.s.m.m.a.RequestMappingHandlerMapping - Mapped "{[/shop/page],methods=[GET]}" onto public com.foreveross.springboot.dubbo.utils.Payload hss.service.rest.ShopRestServiceImpl.getUserListpage()
2016-12-29 10:50:45 [main] INFO  o.s.w.s.m.m.a.RequestMappingHandlerMapping - Mapped "{[/shop/newpage],methods=[GET]}" onto public com.foreveross.springboot.dubbo.utils.Payload hss.service.rest.ShopRestServiceImpl.getDataGroupList(int,int,java.lang.String)
2016-12-29 10:50:45 [main] INFO  o.s.w.s.m.m.a.RequestMappingHandlerMapping - Mapped "{[/shop/{id}],methods=[GET]}" onto public com.foreveross.springboot.dubbo.utils.Payload hss.service.rest.ShopRestServiceImpl.getShopById(java.lang.Integer)
2016-12-29 10:50:45 [main] INFO  o.s.w.s.m.m.a.RequestMappingHandlerMapping - Mapped "{[/shop/add],methods=[POST]}" onto public com.foreveross.springboot.dubbo.utils.Payload hss.service.rest.ShopRestServiceImpl.createShop(hss.domain.Shop)
2016-12-29 10:50:45 [main] INFO  o.s.w.s.m.m.a.RequestMappingHandlerMapping - Mapped "{[/shop/{id}],methods=[DELETE]}" onto public com.foreveross.springboot.dubbo.utils.Payload hss.service.rest.ShopRestServiceImpl.deleteShopById(java.lang.Integer)
2016-12-29 10:50:45 [main] INFO  o.s.w.s.m.m.a.RequestMappingHandlerMapping - Mapped "{[/users/hehe]}" onto public java.lang.String hss.service.rest.UserRestServiceImpl.hehe()
2016-12-29 10:50:45 [main] INFO  o.s.w.s.m.m.a.RequestMappingHandlerMapping - Mapped "{[/users/page],methods=[GET]}" onto public com.foreveross.springboot.dubbo.utils.Payload hss.service.rest.UserRestServiceImpl.getUserListpage()
2016-12-29 10:50:45 [main] INFO  o.s.w.s.m.m.a.RequestMappingHandlerMapping - Mapped "{[/users/add],methods=[POST]}" onto public com.foreveross.springboot.dubbo.utils.Payload hss.service.rest.UserRestServiceImpl.createUser(hss.domain.User)
2016-12-29 10:50:45 [main] INFO  o.s.w.s.m.m.a.RequestMappingHandlerMapping - Mapped "{[/users/{id}],methods=[DELETE]}" onto public com.foreveross.springboot.dubbo.utils.Payload hss.service.rest.UserRestServiceImpl.deleteUserById(java.lang.Integer)
2016-12-29 10:50:45 [main] INFO  o.s.w.s.m.m.a.RequestMappingHandlerMapping - Mapped "{[/users/update/{id}],methods=[PUT]}" onto public com.foreveross.springboot.dubbo.utils.Payload hss.service.rest.UserRestServiceImpl.updateUserById(java.lang.Integer,hss.domain.User)
2016-12-29 10:50:45 [main] INFO  o.s.w.s.m.m.a.RequestMappingHandlerMapping - Mapped "{[/users/{id}],methods=[GET]}" onto public com.foreveross.springboot.dubbo.utils.Payload hss.service.rest.UserRestServiceImpl.getUserById(java.lang.Integer)
2016-12-29 10:50:45 [main] INFO  o.s.w.s.m.m.a.RequestMappingHandlerMapping - Mapped "{[/users/],methods=[GET]}" onto public com.foreveross.springboot.dubbo.utils.Payload hss.service.rest.UserRestServiceImpl.getUserList()
2016-12-29 10:50:45 [main] INFO  o.s.w.s.m.m.a.RequestMappingHandlerMapping - Mapped "{[/error]}" onto public org.springframework.http.ResponseEntity<java.util.Map<java.lang.String, java.lang.Object>> org.springframework.boot.autoconfigure.web.BasicErrorController.error(javax.servlet.http.HttpServletRequest)
2016-12-29 10:50:45 [main] INFO  o.s.w.s.m.m.a.RequestMappingHandlerMapping - Mapped "{[/error],produces=[text/html]}" onto public org.springframework.web.servlet.ModelAndView org.springframework.boot.autoconfigure.web.BasicErrorController.errorHtml(javax.servlet.http.HttpServletRequest,javax.servlet.http.HttpServletResponse)
2016-12-29 10:50:45 [main] INFO  o.s.w.s.c.a.WebMvcConfigurerAdapter - Adding welcome page: ServletContext resource [/index.html]
2016-12-29 10:50:45 [main] INFO  o.s.w.s.h.SimpleUrlHandlerMapping - Root mapping to handler of type [class org.springframework.web.servlet.mvc.ParameterizableViewController]
2016-12-29 10:50:45 [main] INFO  o.s.w.s.h.SimpleUrlHandlerMapping - Mapped URL path [/webjars/**] onto handler of type [class org.springframework.web.servlet.resource.ResourceHttpRequestHandler]
2016-12-29 10:50:45 [main] INFO  o.s.w.s.h.SimpleUrlHandlerMapping - Mapped URL path [/**] onto handler of type [class org.springframework.web.servlet.resource.ResourceHttpRequestHandler]
2016-12-29 10:50:45 [main] INFO  o.s.w.s.h.SimpleUrlHandlerMapping - Mapped URL path [/**/favicon.ico] onto handler of type [class org.springframework.web.servlet.resource.ResourceHttpRequestHandler]
2016-12-29 10:50:45 [main] WARN  o.s.b.f.a.AutowiredAnnotationBeanPostProcessor - Autowired annotation is not supported on static fields: private static java.lang.String com.foreveross.springboot.dubbo.autoconfigure.JsonDateSerializer.DATE_DEFAULT_PATTERN
2016-12-29 10:50:46 [main] INFO  o.s.j.e.a.AnnotationMBeanExporter - Registering beans for JMX exposure on startup
2016-12-29 10:50:46 [main] INFO  o.s.j.e.a.AnnotationMBeanExporter - Bean with name 'druidDataSource' has been autodetected for JMX exposure
2016-12-29 10:50:46 [main] INFO  o.s.j.e.a.AnnotationMBeanExporter - Located MBean 'druidDataSource': registering with JMX server as MBean [com.alibaba.druid.pool:name=druidDataSource,type=DruidDataSource]
2016-12-29 10:50:46 [main] INFO  o.s.b.c.e.t.TomcatEmbeddedServletContainer - Tomcat started on port(s): 8088 (http)
2016-12-29 10:50:46 [main] INFO  hss.Application - Started Application in 20.267 seconds (JVM running for 22.888)
2016-12-29 10:52:52 [http-nio-8088-exec-1] INFO  o.a.c.c.C.[Tomcat].[localhost].[/] - Initializing Spring FrameworkServlet 'dispatcherServlet'
2016-12-29 10:52:52 [http-nio-8088-exec-1] INFO  o.s.web.servlet.DispatcherServlet - FrameworkServlet 'dispatcherServlet': initialization started
2016-12-29 10:52:52 [http-nio-8088-exec-1] INFO  o.s.web.servlet.DispatcherServlet - FrameworkServlet 'dispatcherServlet': initialization completed in 33 ms
2016-12-29 11:55:13 [main] INFO  hss.Application - Starting Application on Foreveross-PC with PID 6340 (C:\Users\Foreveross\IdeaProjects\sihouzi\target\classes started by Foreveross in C:\Users\Foreveross\IdeaProjects\sihouzi)
2016-12-29 11:55:13 [main] INFO  hss.Application - The following profiles are active: prod
2016-12-29 11:55:13 [main] INFO  o.s.b.f.xml.XmlBeanDefinitionReader - Loading XML bean definitions from file [C:\Users\Foreveross\IdeaProjects\sihouzi\target\classes\spring\services.xml]
2016-12-29 11:55:14 [main] INFO  o.s.b.c.e.AnnotationConfigEmbeddedWebApplicationContext - Refreshing org.springframework.boot.context.embedded.AnnotationConfigEmbeddedWebApplicationContext@229d10bd: startup date [Thu Dec 29 11:55:14 CST 2016]; root of context hierarchy
2016-12-29 11:55:19 [main] INFO  o.s.c.s.PostProcessorRegistrationDelegate$BeanPostProcessorChecker - Bean 'org.springframework.transaction.annotation.ProxyTransactionManagementConfiguration' of type [class org.springframework.transaction.annotation.ProxyTransactionManagementConfiguration$$EnhancerBySpringCGLIB$$85f66282] is not eligible for getting processed by all BeanPostProcessors (for example: not eligible for auto-proxying)
2016-12-29 11:55:21 [main] INFO  o.s.b.c.e.t.TomcatEmbeddedServletContainer - Tomcat initialized with port(s): 8383 (http)
2016-12-29 11:55:21 [main] INFO  o.a.catalina.core.StandardService - Starting service Tomcat
2016-12-29 11:55:21 [main] INFO  o.a.catalina.core.StandardEngine - Starting Servlet Engine: Apache Tomcat/8.0.33
2016-12-29 11:55:23 [localhost-startStop-1] INFO  o.apache.jasper.servlet.TldScanner - At least one JAR was scanned for TLDs yet contained no TLDs. Enable debug logging for this logger for a complete list of JARs that were scanned but no TLDs were found in them. Skipping unneeded JARs during scanning can improve startup time and JSP compilation time.
2016-12-29 11:55:23 [localhost-startStop-1] INFO  o.a.c.c.C.[Tomcat].[localhost].[/] - Initializing Spring embedded WebApplicationContext
2016-12-29 11:55:23 [localhost-startStop-1] INFO  o.s.web.context.ContextLoader - Root WebApplicationContext: initialization completed in 8458 ms
2016-12-29 11:55:23 [localhost-startStop-1] INFO  o.s.b.c.e.ServletRegistrationBean - Mapping servlet: 'dispatcherServlet' to [/]
2016-12-29 11:55:23 [localhost-startStop-1] INFO  o.s.b.c.e.ServletRegistrationBean - Mapping servlet: 'dubbox-dispatcherServlet' to [/api/*]
2016-12-29 11:55:23 [localhost-startStop-1] INFO  o.s.b.c.e.ServletRegistrationBean - Mapping servlet: 'statViewServlet' to [/druid/*]
2016-12-29 11:55:24 [localhost-startStop-1] INFO  o.s.b.c.e.FilterRegistrationBean - Mapping filter: 'characterEncodingFilter' to: [/*]
2016-12-29 11:55:24 [localhost-startStop-1] INFO  o.s.b.c.e.FilterRegistrationBean - Mapping filter: 'hiddenHttpMethodFilter' to: [/*]
2016-12-29 11:55:24 [localhost-startStop-1] INFO  o.s.b.c.e.FilterRegistrationBean - Mapping filter: 'httpPutFormContentFilter' to: [/*]
2016-12-29 11:55:24 [localhost-startStop-1] INFO  o.s.b.c.e.FilterRegistrationBean - Mapping filter: 'requestContextFilter' to: [/*]
2016-12-29 11:55:24 [localhost-startStop-1] INFO  o.s.b.c.e.FilterRegistrationBean - Mapping filter: 'webStatFilter' to urls: [/*]
2016-12-29 11:55:24 [main] INFO  o.s.o.j.LocalContainerEntityManagerFactoryBean - Building JPA container EntityManagerFactory for persistence unit 'default'
2016-12-29 11:55:26 [main] INFO  c.a.druid.pool.DruidDataSource - {dataSource-1} inited
2016-12-29 11:55:28 [main] INFO  o.s.w.s.m.m.a.RequestMappingHandlerAdapter - Looking for @ControllerAdvice: org.springframework.boot.context.embedded.AnnotationConfigEmbeddedWebApplicationContext@229d10bd: startup date [Thu Dec 29 11:55:14 CST 2016]; root of context hierarchy
2016-12-29 11:55:29 [main] INFO  o.s.w.s.m.m.a.RequestMappingHandlerMapping - Mapped "{[/shop/hehe]}" onto public java.lang.String hss.service.rest.ShopRestServiceImpl.hehe()
2016-12-29 11:55:29 [main] INFO  o.s.w.s.m.m.a.RequestMappingHandlerMapping - Mapped "{[/shop/update/{id}],methods=[PUT]}" onto public com.foreveross.springboot.dubbo.utils.Payload hss.service.rest.ShopRestServiceImpl.updateShopById(java.lang.Integer,hss.domain.Shop)
2016-12-29 11:55:29 [main] INFO  o.s.w.s.m.m.a.RequestMappingHandlerMapping - Mapped "{[/shop/],methods=[GET]}" onto public com.foreveross.springboot.dubbo.utils.Payload hss.service.rest.ShopRestServiceImpl.getShopList()
2016-12-29 11:55:29 [main] INFO  o.s.w.s.m.m.a.RequestMappingHandlerMapping - Mapped "{[/shop/page],methods=[GET]}" onto public com.foreveross.springboot.dubbo.utils.Payload hss.service.rest.ShopRestServiceImpl.getUserListpage()
2016-12-29 11:55:29 [main] INFO  o.s.w.s.m.m.a.RequestMappingHandlerMapping - Mapped "{[/shop/newpage],methods=[GET]}" onto public com.foreveross.springboot.dubbo.utils.Payload hss.service.rest.ShopRestServiceImpl.getDataGroupList(int,int,java.lang.String)
2016-12-29 11:55:29 [main] INFO  o.s.w.s.m.m.a.RequestMappingHandlerMapping - Mapped "{[/shop/{id}],methods=[GET]}" onto public com.foreveross.springboot.dubbo.utils.Payload hss.service.rest.ShopRestServiceImpl.getShopById(java.lang.Integer)
2016-12-29 11:55:29 [main] INFO  o.s.w.s.m.m.a.RequestMappingHandlerMapping - Mapped "{[/shop/add],methods=[POST]}" onto public com.foreveross.springboot.dubbo.utils.Payload hss.service.rest.ShopRestServiceImpl.createShop(hss.domain.Shop)
2016-12-29 11:55:29 [main] INFO  o.s.w.s.m.m.a.RequestMappingHandlerMapping - Mapped "{[/shop/{id}],methods=[DELETE]}" onto public com.foreveross.springboot.dubbo.utils.Payload hss.service.rest.ShopRestServiceImpl.deleteShopById(java.lang.Integer)
2016-12-29 11:55:29 [main] INFO  o.s.w.s.m.m.a.RequestMappingHandlerMapping - Mapped "{[/users/hehe]}" onto public java.lang.String hss.service.rest.UserRestServiceImpl.hehe()
2016-12-29 11:55:29 [main] INFO  o.s.w.s.m.m.a.RequestMappingHandlerMapping - Mapped "{[/users/page],methods=[GET]}" onto public com.foreveross.springboot.dubbo.utils.Payload hss.service.rest.UserRestServiceImpl.getUserListpage()
2016-12-29 11:55:29 [main] INFO  o.s.w.s.m.m.a.RequestMappingHandlerMapping - Mapped "{[/users/add],methods=[POST]}" onto public com.foreveross.springboot.dubbo.utils.Payload hss.service.rest.UserRestServiceImpl.createUser(hss.domain.User)
2016-12-29 11:55:29 [main] INFO  o.s.w.s.m.m.a.RequestMappingHandlerMapping - Mapped "{[/users/{id}],methods=[DELETE]}" onto public com.foreveross.springboot.dubbo.utils.Payload hss.service.rest.UserRestServiceImpl.deleteUserById(java.lang.Integer)
2016-12-29 11:55:29 [main] INFO  o.s.w.s.m.m.a.RequestMappingHandlerMapping - Mapped "{[/users/update/{id}],methods=[PUT]}" onto public com.foreveross.springboot.dubbo.utils.Payload hss.service.rest.UserRestServiceImpl.updateUserById(java.lang.Integer,hss.domain.User)
2016-12-29 11:55:29 [main] INFO  o.s.w.s.m.m.a.RequestMappingHandlerMapping - Mapped "{[/users/{id}],methods=[GET]}" onto public com.foreveross.springboot.dubbo.utils.Payload hss.service.rest.UserRestServiceImpl.getUserById(java.lang.Integer)
2016-12-29 11:55:29 [main] INFO  o.s.w.s.m.m.a.RequestMappingHandlerMapping - Mapped "{[/users/],methods=[GET]}" onto public com.foreveross.springboot.dubbo.utils.Payload hss.service.rest.UserRestServiceImpl.getUserList()
2016-12-29 11:55:29 [main] INFO  o.s.w.s.m.m.a.RequestMappingHandlerMapping - Mapped "{[/error]}" onto public org.springframework.http.ResponseEntity<java.util.Map<java.lang.String, java.lang.Object>> org.springframework.boot.autoconfigure.web.BasicErrorController.error(javax.servlet.http.HttpServletRequest)
2016-12-29 11:55:29 [main] INFO  o.s.w.s.m.m.a.RequestMappingHandlerMapping - Mapped "{[/error],produces=[text/html]}" onto public org.springframework.web.servlet.ModelAndView org.springframework.boot.autoconfigure.web.BasicErrorController.errorHtml(javax.servlet.http.HttpServletRequest,javax.servlet.http.HttpServletResponse)
2016-12-29 11:55:29 [main] INFO  o.s.w.s.c.a.WebMvcConfigurerAdapter - Adding welcome page: ServletContext resource [/index.html]
2016-12-29 11:55:29 [main] INFO  o.s.w.s.h.SimpleUrlHandlerMapping - Root mapping to handler of type [class org.springframework.web.servlet.mvc.ParameterizableViewController]
2016-12-29 11:55:29 [main] INFO  o.s.w.s.h.SimpleUrlHandlerMapping - Mapped URL path [/webjars/**] onto handler of type [class org.springframework.web.servlet.resource.ResourceHttpRequestHandler]
2016-12-29 11:55:29 [main] INFO  o.s.w.s.h.SimpleUrlHandlerMapping - Mapped URL path [/**] onto handler of type [class org.springframework.web.servlet.resource.ResourceHttpRequestHandler]
2016-12-29 11:55:29 [main] INFO  o.s.w.s.h.SimpleUrlHandlerMapping - Mapped URL path [/**/favicon.ico] onto handler of type [class org.springframework.web.servlet.resource.ResourceHttpRequestHandler]
2016-12-29 11:55:29 [main] WARN  o.s.b.f.a.AutowiredAnnotationBeanPostProcessor - Autowired annotation is not supported on static fields: private static java.lang.String com.foreveross.springboot.dubbo.autoconfigure.JsonDateSerializer.DATE_DEFAULT_PATTERN
2016-12-29 11:55:29 [main] INFO  o.s.j.e.a.AnnotationMBeanExporter - Registering beans for JMX exposure on startup
2016-12-29 11:55:29 [main] INFO  o.s.j.e.a.AnnotationMBeanExporter - Bean with name 'druidDataSource' has been autodetected for JMX exposure
2016-12-29 11:55:29 [main] INFO  o.s.j.e.a.AnnotationMBeanExporter - Located MBean 'druidDataSource': registering with JMX server as MBean [com.alibaba.druid.pool:name=druidDataSource,type=DruidDataSource]
2016-12-29 11:55:30 [main] INFO  o.s.b.c.e.t.TomcatEmbeddedServletContainer - Tomcat started on port(s): 8383 (http)
2016-12-29 11:55:30 [main] INFO  hss.Application - Started Application in 18.395 seconds (JVM running for 19.581)
2016-12-29 19:10:02 [main] INFO  hss.Application - Starting Application on Foreveross-PC with PID 2860 (C:\Users\Foreveross\IdeaProjects\sihouzi\target\classes started by Foreveross in C:\Users\Foreveross\IdeaProjects\sihouzi)
2016-12-29 19:10:02 [main] INFO  hss.Application - The following profiles are active: prod
2016-12-29 19:10:03 [main] INFO  o.s.b.f.xml.XmlBeanDefinitionReader - Loading XML bean definitions from file [C:\Users\Foreveross\IdeaProjects\sihouzi\target\classes\spring\services.xml]
2016-12-29 19:10:05 [main] INFO  o.s.b.c.e.AnnotationConfigEmbeddedWebApplicationContext - Refreshing org.springframework.boot.context.embedded.AnnotationConfigEmbeddedWebApplicationContext@4df50bcc: startup date [Thu Dec 29 19:10:05 CST 2016]; root of context hierarchy
2016-12-29 19:10:12 [main] INFO  o.s.c.s.PostProcessorRegistrationDelegate$BeanPostProcessorChecker - Bean 'org.springframework.transaction.annotation.ProxyTransactionManagementConfiguration' of type [class org.springframework.transaction.annotation.ProxyTransactionManagementConfiguration$$EnhancerBySpringCGLIB$$17db815f] is not eligible for getting processed by all BeanPostProcessors (for example: not eligible for auto-proxying)
2016-12-29 19:10:16 [main] INFO  o.s.b.c.e.t.TomcatEmbeddedServletContainer - Tomcat initialized with port(s): 8383 (http)
2016-12-29 19:10:16 [main] INFO  o.a.catalina.core.StandardService - Starting service Tomcat
2016-12-29 19:10:16 [main] INFO  o.a.catalina.core.StandardEngine - Starting Servlet Engine: Apache Tomcat/8.0.33
2016-12-29 19:10:18 [localhost-startStop-1] INFO  o.apache.jasper.servlet.TldScanner - At least one JAR was scanned for TLDs yet contained no TLDs. Enable debug logging for this logger for a complete list of JARs that were scanned but no TLDs were found in them. Skipping unneeded JARs during scanning can improve startup time and JSP compilation time.
2016-12-29 19:10:18 [localhost-startStop-1] INFO  o.a.c.c.C.[Tomcat].[localhost].[/] - Initializing Spring embedded WebApplicationContext
2016-12-29 19:10:18 [localhost-startStop-1] INFO  o.s.web.context.ContextLoader - Root WebApplicationContext: initialization completed in 12129 ms
2016-12-29 19:10:21 [localhost-startStop-1] INFO  o.s.b.c.e.ServletRegistrationBean - Mapping servlet: 'dispatcherServlet' to [/]
2016-12-29 19:10:21 [localhost-startStop-1] INFO  o.s.b.c.e.ServletRegistrationBean - Mapping servlet: 'dubbox-dispatcherServlet' to [/api/*]
2016-12-29 19:10:21 [localhost-startStop-1] INFO  o.s.b.c.e.ServletRegistrationBean - Mapping servlet: 'statViewServlet' to [/druid/*]
2016-12-29 19:10:21 [localhost-startStop-1] INFO  o.s.b.c.e.FilterRegistrationBean - Mapping filter: 'characterEncodingFilter' to: [/*]
2016-12-29 19:10:21 [localhost-startStop-1] INFO  o.s.b.c.e.FilterRegistrationBean - Mapping filter: 'hiddenHttpMethodFilter' to: [/*]
2016-12-29 19:10:21 [localhost-startStop-1] INFO  o.s.b.c.e.FilterRegistrationBean - Mapping filter: 'httpPutFormContentFilter' to: [/*]
2016-12-29 19:10:21 [localhost-startStop-1] INFO  o.s.b.c.e.FilterRegistrationBean - Mapping filter: 'requestContextFilter' to: [/*]
2016-12-29 19:10:21 [localhost-startStop-1] INFO  o.s.b.c.e.FilterRegistrationBean - Mapping filter: 'webStatFilter' to urls: [/*]
2016-12-29 19:10:23 [main] INFO  o.s.o.j.LocalContainerEntityManagerFactoryBean - Building JPA container EntityManagerFactory for persistence unit 'default'
2016-12-29 19:10:25 [main] INFO  c.a.druid.pool.DruidDataSource - {dataSource-1} inited
2016-12-29 19:10:31 [main] INFO  o.s.w.s.m.m.a.RequestMappingHandlerAdapter - Looking for @ControllerAdvice: org.springframework.boot.context.embedded.AnnotationConfigEmbeddedWebApplicationContext@4df50bcc: startup date [Thu Dec 29 19:10:05 CST 2016]; root of context hierarchy
2016-12-29 19:10:31 [main] INFO  o.s.w.s.m.m.a.RequestMappingHandlerMapping - Mapped "{[/shop/hehe]}" onto public java.lang.String hss.service.rest.ShopRestServiceImpl.hehe()
2016-12-29 19:10:31 [main] INFO  o.s.w.s.m.m.a.RequestMappingHandlerMapping - Mapped "{[/shop/update/{id}],methods=[PUT]}" onto public com.foreveross.springboot.dubbo.utils.Payload hss.service.rest.ShopRestServiceImpl.updateShopById(java.lang.Integer,hss.domain.Shop)
2016-12-29 19:10:31 [main] INFO  o.s.w.s.m.m.a.RequestMappingHandlerMapping - Mapped "{[/shop/],methods=[GET]}" onto public com.foreveross.springboot.dubbo.utils.Payload hss.service.rest.ShopRestServiceImpl.getShopList()
2016-12-29 19:10:31 [main] INFO  o.s.w.s.m.m.a.RequestMappingHandlerMapping - Mapped "{[/shop/page],methods=[GET]}" onto public com.foreveross.springboot.dubbo.utils.Payload hss.service.rest.ShopRestServiceImpl.getUserListpage()
2016-12-29 19:10:31 [main] INFO  o.s.w.s.m.m.a.RequestMappingHandlerMapping - Mapped "{[/shop/file],methods=[GET]}" onto public java.lang.String hss.service.rest.ShopRestServiceImpl.test4() throws java.lang.Exception
2016-12-29 19:10:31 [main] INFO  o.s.w.s.m.m.a.RequestMappingHandlerMapping - Mapped "{[/shop/newpage],methods=[GET]}" onto public com.foreveross.springboot.dubbo.utils.Payload hss.service.rest.ShopRestServiceImpl.getDataGroupList(int,int,java.lang.String)
2016-12-29 19:10:31 [main] INFO  o.s.w.s.m.m.a.RequestMappingHandlerMapping - Mapped "{[/shop/{id}],methods=[GET]}" onto public com.foreveross.springboot.dubbo.utils.Payload hss.service.rest.ShopRestServiceImpl.getShopById(java.lang.Integer)
2016-12-29 19:10:31 [main] INFO  o.s.w.s.m.m.a.RequestMappingHandlerMapping - Mapped "{[/shop/add],methods=[POST]}" onto public com.foreveross.springboot.dubbo.utils.Payload hss.service.rest.ShopRestServiceImpl.createShop(hss.domain.Shop)
2016-12-29 19:10:31 [main] INFO  o.s.w.s.m.m.a.RequestMappingHandlerMapping - Mapped "{[/shop/{id}],methods=[DELETE]}" onto public com.foreveross.springboot.dubbo.utils.Payload hss.service.rest.ShopRestServiceImpl.deleteShopById(java.lang.Integer)
2016-12-29 19:10:31 [main] INFO  o.s.w.s.m.m.a.RequestMappingHandlerMapping - Mapped "{[/users/hehe]}" onto public java.lang.String hss.service.rest.UserRestServiceImpl.hehe()
2016-12-29 19:10:31 [main] INFO  o.s.w.s.m.m.a.RequestMappingHandlerMapping - Mapped "{[/users/page],methods=[GET]}" onto public com.foreveross.springboot.dubbo.utils.Payload hss.service.rest.UserRestServiceImpl.getUserListpage()
2016-12-29 19:10:31 [main] INFO  o.s.w.s.m.m.a.RequestMappingHandlerMapping - Mapped "{[/users/{id}],methods=[GET]}" onto public com.foreveross.springboot.dubbo.utils.Payload hss.service.rest.UserRestServiceImpl.getUserById(java.lang.Integer)
2016-12-29 19:10:31 [main] INFO  o.s.w.s.m.m.a.RequestMappingHandlerMapping - Mapped "{[/users/{id}],methods=[DELETE]}" onto public com.foreveross.springboot.dubbo.utils.Payload hss.service.rest.UserRestServiceImpl.deleteUserById(java.lang.Integer)
2016-12-29 19:10:31 [main] INFO  o.s.w.s.m.m.a.RequestMappingHandlerMapping - Mapped "{[/users/add],methods=[POST]}" onto public com.foreveross.springboot.dubbo.utils.Payload hss.service.rest.UserRestServiceImpl.createUser(hss.domain.User)
2016-12-29 19:10:31 [main] INFO  o.s.w.s.m.m.a.RequestMappingHandlerMapping - Mapped "{[/users/update/{id}],methods=[PUT]}" onto public com.foreveross.springboot.dubbo.utils.Payload hss.service.rest.UserRestServiceImpl.updateUserById(java.lang.Integer,hss.domain.User)
2016-12-29 19:10:31 [main] INFO  o.s.w.s.m.m.a.RequestMappingHandlerMapping - Mapped "{[/users/],methods=[GET]}" onto public com.foreveross.springboot.dubbo.utils.Payload hss.service.rest.UserRestServiceImpl.getUserList()
2016-12-29 19:10:31 [main] INFO  o.s.w.s.m.m.a.RequestMappingHandlerMapping - Mapped "{[/error]}" onto public org.springframework.http.ResponseEntity<java.util.Map<java.lang.String, java.lang.Object>> org.springframework.boot.autoconfigure.web.BasicErrorController.error(javax.servlet.http.HttpServletRequest)
2016-12-29 19:10:31 [main] INFO  o.s.w.s.m.m.a.RequestMappingHandlerMapping - Mapped "{[/error],produces=[text/html]}" onto public org.springframework.web.servlet.ModelAndView org.springframework.boot.autoconfigure.web.BasicErrorController.errorHtml(javax.servlet.http.HttpServletRequest,javax.servlet.http.HttpServletResponse)
2016-12-29 19:10:31 [main] INFO  o.s.w.s.c.a.WebMvcConfigurerAdapter - Adding welcome page: ServletContext resource [/index.html]
2016-12-29 19:10:31 [main] INFO  o.s.w.s.h.SimpleUrlHandlerMapping - Root mapping to handler of type [class org.springframework.web.servlet.mvc.ParameterizableViewController]
2016-12-29 19:10:32 [main] INFO  o.s.w.s.h.SimpleUrlHandlerMapping - Mapped URL path [/webjars/**] onto handler of type [class org.springframework.web.servlet.resource.ResourceHttpRequestHandler]
2016-12-29 19:10:32 [main] INFO  o.s.w.s.h.SimpleUrlHandlerMapping - Mapped URL path [/**] onto handler of type [class org.springframework.web.servlet.resource.ResourceHttpRequestHandler]
2016-12-29 19:10:32 [main] INFO  o.s.w.s.h.SimpleUrlHandlerMapping - Mapped URL path [/**/favicon.ico] onto handler of type [class org.springframework.web.servlet.resource.ResourceHttpRequestHandler]
2016-12-29 19:10:32 [main] WARN  o.s.b.f.a.AutowiredAnnotationBeanPostProcessor - Autowired annotation is not supported on static fields: private static java.lang.String com.foreveross.springboot.dubbo.autoconfigure.JsonDateSerializer.DATE_DEFAULT_PATTERN
2016-12-29 19:10:32 [main] INFO  o.s.j.e.a.AnnotationMBeanExporter - Registering beans for JMX exposure on startup
2016-12-29 19:10:32 [main] INFO  o.s.j.e.a.AnnotationMBeanExporter - Bean with name 'druidDataSource' has been autodetected for JMX exposure
2016-12-29 19:10:32 [main] INFO  o.s.j.e.a.AnnotationMBeanExporter - Located MBean 'druidDataSource': registering with JMX server as MBean [com.alibaba.druid.pool:name=druidDataSource,type=DruidDataSource]
2016-12-29 19:10:32 [main] INFO  o.s.b.c.e.t.TomcatEmbeddedServletContainer - Tomcat started on port(s): 8383 (http)
2016-12-29 19:10:33 [main] INFO  hss.Application - Started Application in 33.095 seconds (JVM running for 35.241)
2016-12-29 19:11:18 [http-nio-8383-exec-1] INFO  o.a.c.c.C.[Tomcat].[localhost].[/] - Initializing Spring FrameworkServlet 'dispatcherServlet'
2016-12-29 19:11:18 [http-nio-8383-exec-1] INFO  o.s.web.servlet.DispatcherServlet - FrameworkServlet 'dispatcherServlet': initialization started
2016-12-29 19:11:18 [http-nio-8383-exec-1] INFO  o.s.web.servlet.DispatcherServlet - FrameworkServlet 'dispatcherServlet': initialization completed in 83 ms
2016-12-29 19:12:54 [main] INFO  hss.Application - Starting Application on Foreveross-PC with PID 3480 (C:\Users\Foreveross\IdeaProjects\sihouzi\target\classes started by Foreveross in C:\Users\Foreveross\IdeaProjects\sihouzi)
2016-12-29 19:12:54 [main] INFO  hss.Application - The following profiles are active: prod
2016-12-29 19:12:54 [main] INFO  o.s.b.f.xml.XmlBeanDefinitionReader - Loading XML bean definitions from file [C:\Users\Foreveross\IdeaProjects\sihouzi\target\classes\spring\services.xml]
2016-12-29 19:12:55 [main] INFO  o.s.b.c.e.AnnotationConfigEmbeddedWebApplicationContext - Refreshing org.springframework.boot.context.embedded.AnnotationConfigEmbeddedWebApplicationContext@4df50bcc: startup date [Thu Dec 29 19:12:55 CST 2016]; root of context hierarchy
2016-12-29 19:12:58 [main] INFO  o.s.c.s.PostProcessorRegistrationDelegate$BeanPostProcessorChecker - Bean 'org.springframework.transaction.annotation.ProxyTransactionManagementConfiguration' of type [class org.springframework.transaction.annotation.ProxyTransactionManagementConfiguration$$EnhancerBySpringCGLIB$$cfa73c75] is not eligible for getting processed by all BeanPostProcessors (for example: not eligible for auto-proxying)
2016-12-29 19:13:00 [main] INFO  o.s.b.c.e.t.TomcatEmbeddedServletContainer - Tomcat initialized with port(s): 8383 (http)
2016-12-29 19:13:00 [main] INFO  o.a.catalina.core.StandardService - Starting service Tomcat
2016-12-29 19:13:00 [main] INFO  o.a.catalina.core.StandardEngine - Starting Servlet Engine: Apache Tomcat/8.0.33
2016-12-29 19:13:01 [localhost-startStop-1] INFO  o.apache.jasper.servlet.TldScanner - At least one JAR was scanned for TLDs yet contained no TLDs. Enable debug logging for this logger for a complete list of JARs that were scanned but no TLDs were found in them. Skipping unneeded JARs during scanning can improve startup time and JSP compilation time.
2016-12-29 19:13:01 [localhost-startStop-1] INFO  o.a.c.c.C.[Tomcat].[localhost].[/] - Initializing Spring embedded WebApplicationContext
2016-12-29 19:13:01 [localhost-startStop-1] INFO  o.s.web.context.ContextLoader - Root WebApplicationContext: initialization completed in 6240 ms
2016-12-29 19:13:02 [localhost-startStop-1] INFO  o.s.b.c.e.ServletRegistrationBean - Mapping servlet: 'dispatcherServlet' to [/]
2016-12-29 19:13:02 [localhost-startStop-1] INFO  o.s.b.c.e.ServletRegistrationBean - Mapping servlet: 'dubbox-dispatcherServlet' to [/api/*]
2016-12-29 19:13:02 [localhost-startStop-1] INFO  o.s.b.c.e.ServletRegistrationBean - Mapping servlet: 'statViewServlet' to [/druid/*]
2016-12-29 19:13:02 [localhost-startStop-1] INFO  o.s.b.c.e.FilterRegistrationBean - Mapping filter: 'characterEncodingFilter' to: [/*]
2016-12-29 19:13:02 [localhost-startStop-1] INFO  o.s.b.c.e.FilterRegistrationBean - Mapping filter: 'hiddenHttpMethodFilter' to: [/*]
2016-12-29 19:13:02 [localhost-startStop-1] INFO  o.s.b.c.e.FilterRegistrationBean - Mapping filter: 'httpPutFormContentFilter' to: [/*]
2016-12-29 19:13:02 [localhost-startStop-1] INFO  o.s.b.c.e.FilterRegistrationBean - Mapping filter: 'requestContextFilter' to: [/*]
2016-12-29 19:13:02 [localhost-startStop-1] INFO  o.s.b.c.e.FilterRegistrationBean - Mapping filter: 'webStatFilter' to urls: [/*]
2016-12-29 19:13:02 [main] INFO  o.s.o.j.LocalContainerEntityManagerFactoryBean - Building JPA container EntityManagerFactory for persistence unit 'default'
2016-12-29 19:13:03 [main] INFO  c.a.druid.pool.DruidDataSource - {dataSource-1} inited
2016-12-29 19:13:05 [main] INFO  o.s.w.s.m.m.a.RequestMappingHandlerAdapter - Looking for @ControllerAdvice: org.springframework.boot.context.embedded.AnnotationConfigEmbeddedWebApplicationContext@4df50bcc: startup date [Thu Dec 29 19:12:55 CST 2016]; root of context hierarchy
2016-12-29 19:13:05 [main] INFO  o.s.w.s.m.m.a.RequestMappingHandlerMapping - Mapped "{[/shop/hehe]}" onto public java.lang.String hss.service.rest.ShopRestServiceImpl.hehe()
2016-12-29 19:13:05 [main] INFO  o.s.w.s.m.m.a.RequestMappingHandlerMapping - Mapped "{[/shop/update/{id}],methods=[PUT]}" onto public com.foreveross.springboot.dubbo.utils.Payload hss.service.rest.ShopRestServiceImpl.updateShopById(java.lang.Integer,hss.domain.Shop)
2016-12-29 19:13:05 [main] INFO  o.s.w.s.m.m.a.RequestMappingHandlerMapping - Mapped "{[/shop/],methods=[GET]}" onto public com.foreveross.springboot.dubbo.utils.Payload hss.service.rest.ShopRestServiceImpl.getShopList()
2016-12-29 19:13:05 [main] INFO  o.s.w.s.m.m.a.RequestMappingHandlerMapping - Mapped "{[/shop/page],methods=[GET]}" onto public com.foreveross.springboot.dubbo.utils.Payload hss.service.rest.ShopRestServiceImpl.getUserListpage()
2016-12-29 19:13:05 [main] INFO  o.s.w.s.m.m.a.RequestMappingHandlerMapping - Mapped "{[/shop/file],methods=[GET]}" onto public java.lang.String hss.service.rest.ShopRestServiceImpl.test4() throws java.lang.Exception
2016-12-29 19:13:05 [main] INFO  o.s.w.s.m.m.a.RequestMappingHandlerMapping - Mapped "{[/shop/newpage],methods=[GET]}" onto public com.foreveross.springboot.dubbo.utils.Payload hss.service.rest.ShopRestServiceImpl.getDataGroupList(int,int,java.lang.String)
2016-12-29 19:13:05 [main] INFO  o.s.w.s.m.m.a.RequestMappingHandlerMapping - Mapped "{[/shop/{id}],methods=[GET]}" onto public com.foreveross.springboot.dubbo.utils.Payload hss.service.rest.ShopRestServiceImpl.getShopById(java.lang.Integer)
2016-12-29 19:13:05 [main] INFO  o.s.w.s.m.m.a.RequestMappingHandlerMapping - Mapped "{[/shop/add],methods=[POST]}" onto public com.foreveross.springboot.dubbo.utils.Payload hss.service.rest.ShopRestServiceImpl.createShop(hss.domain.Shop)
2016-12-29 19:13:05 [main] INFO  o.s.w.s.m.m.a.RequestMappingHandlerMapping - Mapped "{[/shop/{id}],methods=[DELETE]}" onto public com.foreveross.springboot.dubbo.utils.Payload hss.service.rest.ShopRestServiceImpl.deleteShopById(java.lang.Integer)
2016-12-29 19:13:05 [main] INFO  o.s.w.s.m.m.a.RequestMappingHandlerMapping - Mapped "{[/users/hehe]}" onto public java.lang.String hss.service.rest.UserRestServiceImpl.hehe()
2016-12-29 19:13:05 [main] INFO  o.s.w.s.m.m.a.RequestMappingHandlerMapping - Mapped "{[/users/page],methods=[GET]}" onto public com.foreveross.springboot.dubbo.utils.Payload hss.service.rest.UserRestServiceImpl.getUserListpage()
2016-12-29 19:13:05 [main] INFO  o.s.w.s.m.m.a.RequestMappingHandlerMapping - Mapped "{[/users/{id}],methods=[GET]}" onto public com.foreveross.springboot.dubbo.utils.Payload hss.service.rest.UserRestServiceImpl.getUserById(java.lang.Integer)
2016-12-29 19:13:05 [main] INFO  o.s.w.s.m.m.a.RequestMappingHandlerMapping - Mapped "{[/users/{id}],methods=[DELETE]}" onto public com.foreveross.springboot.dubbo.utils.Payload hss.service.rest.UserRestServiceImpl.deleteUserById(java.lang.Integer)
2016-12-29 19:13:05 [main] INFO  o.s.w.s.m.m.a.RequestMappingHandlerMapping - Mapped "{[/users/add],methods=[POST]}" onto public com.foreveross.springboot.dubbo.utils.Payload hss.service.rest.UserRestServiceImpl.createUser(hss.domain.User)
2016-12-29 19:13:05 [main] INFO  o.s.w.s.m.m.a.RequestMappingHandlerMapping - Mapped "{[/users/update/{id}],methods=[PUT]}" onto public com.foreveross.springboot.dubbo.utils.Payload hss.service.rest.UserRestServiceImpl.updateUserById(java.lang.Integer,hss.domain.User)
2016-12-29 19:13:05 [main] INFO  o.s.w.s.m.m.a.RequestMappingHandlerMapping - Mapped "{[/users/],methods=[GET]}" onto public com.foreveross.springboot.dubbo.utils.Payload hss.service.rest.UserRestServiceImpl.getUserList()
2016-12-29 19:13:05 [main] INFO  o.s.w.s.m.m.a.RequestMappingHandlerMapping - Mapped "{[/error]}" onto public org.springframework.http.ResponseEntity<java.util.Map<java.lang.String, java.lang.Object>> org.springframework.boot.autoconfigure.web.BasicErrorController.error(javax.servlet.http.HttpServletRequest)
2016-12-29 19:13:05 [main] INFO  o.s.w.s.m.m.a.RequestMappingHandlerMapping - Mapped "{[/error],produces=[text/html]}" onto public org.springframework.web.servlet.ModelAndView org.springframework.boot.autoconfigure.web.BasicErrorController.errorHtml(javax.servlet.http.HttpServletRequest,javax.servlet.http.HttpServletResponse)
2016-12-29 19:13:05 [main] INFO  o.s.w.s.c.a.WebMvcConfigurerAdapter - Adding welcome page: ServletContext resource [/index.html]
2016-12-29 19:13:05 [main] INFO  o.s.w.s.h.SimpleUrlHandlerMapping - Root mapping to handler of type [class org.springframework.web.servlet.mvc.ParameterizableViewController]
2016-12-29 19:13:05 [main] INFO  o.s.w.s.h.SimpleUrlHandlerMapping - Mapped URL path [/webjars/**] onto handler of type [class org.springframework.web.servlet.resource.ResourceHttpRequestHandler]
2016-12-29 19:13:05 [main] INFO  o.s.w.s.h.SimpleUrlHandlerMapping - Mapped URL path [/**] onto handler of type [class org.springframework.web.servlet.resource.ResourceHttpRequestHandler]
2016-12-29 19:13:05 [main] INFO  o.s.w.s.h.SimpleUrlHandlerMapping - Mapped URL path [/**/favicon.ico] onto handler of type [class org.springframework.web.servlet.resource.ResourceHttpRequestHandler]
2016-12-29 19:13:05 [main] WARN  o.s.b.f.a.AutowiredAnnotationBeanPostProcessor - Autowired annotation is not supported on static fields: private static java.lang.String com.foreveross.springboot.dubbo.autoconfigure.JsonDateSerializer.DATE_DEFAULT_PATTERN
2016-12-29 19:13:06 [main] INFO  o.s.j.e.a.AnnotationMBeanExporter - Registering beans for JMX exposure on startup
2016-12-29 19:13:06 [main] INFO  o.s.j.e.a.AnnotationMBeanExporter - Bean with name 'druidDataSource' has been autodetected for JMX exposure
2016-12-29 19:13:06 [main] INFO  o.s.j.e.a.AnnotationMBeanExporter - Located MBean 'druidDataSource': registering with JMX server as MBean [com.alibaba.druid.pool:name=druidDataSource,type=DruidDataSource]
2016-12-29 19:13:06 [main] INFO  o.s.b.c.e.t.TomcatEmbeddedServletContainer - Tomcat started on port(s): 8383 (http)
2016-12-29 19:13:06 [main] INFO  hss.Application - Started Application in 12.924 seconds (JVM running for 13.769)
2016-12-29 19:13:12 [http-nio-8383-exec-1] INFO  o.a.c.c.C.[Tomcat].[localhost].[/] - Initializing Spring FrameworkServlet 'dispatcherServlet'
2016-12-29 19:13:12 [http-nio-8383-exec-1] INFO  o.s.web.servlet.DispatcherServlet - FrameworkServlet 'dispatcherServlet': initialization started
2016-12-29 19:13:12 [http-nio-8383-exec-1] INFO  o.s.web.servlet.DispatcherServlet - FrameworkServlet 'dispatcherServlet': initialization completed in 22 ms
