2016-12-30 09:42:44 [main] INFO  hss.Application - Starting Application on Foreveross-PC with PID 5644 (C:\Users\Foreveross\IdeaProjects\sihouzi\target\classes started by Foreveross in C:\Users\Foreveross\IdeaProjects\sihouzi)
2016-12-30 09:42:44 [main] INFO  hss.Application - The following profiles are active: prod
2016-12-30 09:42:44 [main] INFO  o.s.b.f.xml.XmlBeanDefinitionReader - Loading XML bean definitions from file [C:\Users\Foreveross\IdeaProjects\sihouzi\target\classes\spring\services.xml]
2016-12-30 09:42:45 [main] INFO  o.s.b.c.e.AnnotationConfigEmbeddedWebApplicationContext - Refreshing org.springframework.boot.context.embedded.AnnotationConfigEmbeddedWebApplicationContext@4df50bcc: startup date [Fri Dec 30 09:42:45 CST 2016]; root of context hierarchy
2016-12-30 09:42:50 [main] INFO  o.s.c.s.PostProcessorRegistrationDelegate$BeanPostProcessorChecker - Bean 'org.springframework.transaction.annotation.ProxyTransactionManagementConfiguration' of type [class org.springframework.transaction.annotation.ProxyTransactionManagementConfiguration$$EnhancerBySpringCGLIB$$3ab7c5fd] is not eligible for getting processed by all BeanPostProcessors (for example: not eligible for auto-proxying)
2016-12-30 09:42:51 [main] INFO  o.s.b.c.e.t.TomcatEmbeddedServletContainer - Tomcat initialized with port(s): 8383 (http)
2016-12-30 09:42:51 [main] INFO  o.a.catalina.core.StandardService - Starting service Tomcat
2016-12-30 09:42:51 [main] INFO  o.a.catalina.core.StandardEngine - Starting Servlet Engine: Apache Tomcat/8.0.33
2016-12-30 09:42:53 [localhost-startStop-1] INFO  o.apache.jasper.servlet.TldScanner - At least one JAR was scanned for TLDs yet contained no TLDs. Enable debug logging for this logger for a complete list of JARs that were scanned but no TLDs were found in them. Skipping unneeded JARs during scanning can improve startup time and JSP compilation time.
2016-12-30 09:42:53 [localhost-startStop-1] INFO  o.a.c.c.C.[Tomcat].[localhost].[/] - Initializing Spring embedded WebApplicationContext
2016-12-30 09:42:53 [localhost-startStop-1] INFO  o.s.web.context.ContextLoader - Root WebApplicationContext: initialization completed in 7319 ms
2016-12-30 09:42:54 [localhost-startStop-1] INFO  o.s.b.c.e.ServletRegistrationBean - Mapping servlet: 'dispatcherServlet' to [/]
2016-12-30 09:42:54 [localhost-startStop-1] INFO  o.s.b.c.e.ServletRegistrationBean - Mapping servlet: 'dubbox-dispatcherServlet' to [/api/*]
2016-12-30 09:42:54 [localhost-startStop-1] INFO  o.s.b.c.e.ServletRegistrationBean - Mapping servlet: 'statViewServlet' to [/druid/*]
2016-12-30 09:42:54 [localhost-startStop-1] INFO  o.s.b.c.e.FilterRegistrationBean - Mapping filter: 'characterEncodingFilter' to: [/*]
2016-12-30 09:42:54 [localhost-startStop-1] INFO  o.s.b.c.e.FilterRegistrationBean - Mapping filter: 'hiddenHttpMethodFilter' to: [/*]
2016-12-30 09:42:54 [localhost-startStop-1] INFO  o.s.b.c.e.FilterRegistrationBean - Mapping filter: 'httpPutFormContentFilter' to: [/*]
2016-12-30 09:42:54 [localhost-startStop-1] INFO  o.s.b.c.e.FilterRegistrationBean - Mapping filter: 'requestContextFilter' to: [/*]
2016-12-30 09:42:54 [localhost-startStop-1] INFO  o.s.b.c.e.FilterRegistrationBean - Mapping filter: 'webStatFilter' to urls: [/*]
2016-12-30 09:42:55 [main] INFO  o.s.o.j.LocalContainerEntityManagerFactoryBean - Building JPA container EntityManagerFactory for persistence unit 'default'
2016-12-30 09:42:56 [main] INFO  c.a.druid.pool.DruidDataSource - {dataSource-1} inited
2016-12-30 09:42:58 [main] INFO  o.s.w.s.m.m.a.RequestMappingHandlerAdapter - Looking for @ControllerAdvice: org.springframework.boot.context.embedded.AnnotationConfigEmbeddedWebApplicationContext@4df50bcc: startup date [Fri Dec 30 09:42:45 CST 2016]; root of context hierarchy
2016-12-30 09:42:58 [main] INFO  o.s.w.s.m.m.a.RequestMappingHandlerMapping - Mapped "{[/shop/hehe]}" onto public java.lang.String hss.service.rest.ShopRestServiceImpl.hehe()
2016-12-30 09:42:58 [main] INFO  o.s.w.s.m.m.a.RequestMappingHandlerMapping - Mapped "{[/shop/update/{id}],methods=[PUT]}" onto public com.foreveross.springboot.dubbo.utils.Payload hss.service.rest.ShopRestServiceImpl.updateShopById(java.lang.Integer,hss.domain.Shop)
2016-12-30 09:42:58 [main] INFO  o.s.w.s.m.m.a.RequestMappingHandlerMapping - Mapped "{[/shop/],methods=[GET]}" onto public com.foreveross.springboot.dubbo.utils.Payload hss.service.rest.ShopRestServiceImpl.getShopList()
2016-12-30 09:42:58 [main] INFO  o.s.w.s.m.m.a.RequestMappingHandlerMapping - Mapped "{[/shop/page],methods=[GET]}" onto public com.foreveross.springboot.dubbo.utils.Payload hss.service.rest.ShopRestServiceImpl.getUserListpage()
2016-12-30 09:42:58 [main] INFO  o.s.w.s.m.m.a.RequestMappingHandlerMapping - Mapped "{[/shop/file],methods=[GET]}" onto public java.lang.String hss.service.rest.ShopRestServiceImpl.test4() throws java.lang.Exception
2016-12-30 09:42:58 [main] INFO  o.s.w.s.m.m.a.RequestMappingHandlerMapping - Mapped "{[/shop/newpage],methods=[GET]}" onto public com.foreveross.springboot.dubbo.utils.Payload hss.service.rest.ShopRestServiceImpl.getDataGroupList(int,int,java.lang.String)
2016-12-30 09:42:58 [main] INFO  o.s.w.s.m.m.a.RequestMappingHandlerMapping - Mapped "{[/shop/{id}],methods=[GET]}" onto public com.foreveross.springboot.dubbo.utils.Payload hss.service.rest.ShopRestServiceImpl.getShopById(java.lang.Integer)
2016-12-30 09:42:58 [main] INFO  o.s.w.s.m.m.a.RequestMappingHandlerMapping - Mapped "{[/shop/add],methods=[POST]}" onto public com.foreveross.springboot.dubbo.utils.Payload hss.service.rest.ShopRestServiceImpl.createShop(hss.domain.Shop)
2016-12-30 09:42:58 [main] INFO  o.s.w.s.m.m.a.RequestMappingHandlerMapping - Mapped "{[/shop/{id}],methods=[DELETE]}" onto public com.foreveross.springboot.dubbo.utils.Payload hss.service.rest.ShopRestServiceImpl.deleteShopById(java.lang.Integer)
2016-12-30 09:42:58 [main] INFO  o.s.w.s.m.m.a.RequestMappingHandlerMapping - Mapped "{[/users/hehe]}" onto public java.lang.String hss.service.rest.UserRestServiceImpl.hehe()
2016-12-30 09:42:58 [main] INFO  o.s.w.s.m.m.a.RequestMappingHandlerMapping - Mapped "{[/users/page],methods=[GET]}" onto public com.foreveross.springboot.dubbo.utils.Payload hss.service.rest.UserRestServiceImpl.getUserListpage()
2016-12-30 09:42:58 [main] INFO  o.s.w.s.m.m.a.RequestMappingHandlerMapping - Mapped "{[/users/{id}],methods=[GET]}" onto public com.foreveross.springboot.dubbo.utils.Payload hss.service.rest.UserRestServiceImpl.getUserById(java.lang.Integer)
2016-12-30 09:42:58 [main] INFO  o.s.w.s.m.m.a.RequestMappingHandlerMapping - Mapped "{[/users/{id}],methods=[DELETE]}" onto public com.foreveross.springboot.dubbo.utils.Payload hss.service.rest.UserRestServiceImpl.deleteUserById(java.lang.Integer)
2016-12-30 09:42:58 [main] INFO  o.s.w.s.m.m.a.RequestMappingHandlerMapping - Mapped "{[/users/add],methods=[POST]}" onto public com.foreveross.springboot.dubbo.utils.Payload hss.service.rest.UserRestServiceImpl.createUser(hss.domain.User)
2016-12-30 09:42:58 [main] INFO  o.s.w.s.m.m.a.RequestMappingHandlerMapping - Mapped "{[/users/update/{id}],methods=[PUT]}" onto public com.foreveross.springboot.dubbo.utils.Payload hss.service.rest.UserRestServiceImpl.updateUserById(java.lang.Integer,hss.domain.User)
2016-12-30 09:42:58 [main] INFO  o.s.w.s.m.m.a.RequestMappingHandlerMapping - Mapped "{[/users/],methods=[GET]}" onto public com.foreveross.springboot.dubbo.utils.Payload hss.service.rest.UserRestServiceImpl.getUserList()
2016-12-30 09:42:58 [main] INFO  o.s.w.s.m.m.a.RequestMappingHandlerMapping - Mapped "{[/error]}" onto public org.springframework.http.ResponseEntity<java.util.Map<java.lang.String, java.lang.Object>> org.springframework.boot.autoconfigure.web.BasicErrorController.error(javax.servlet.http.HttpServletRequest)
2016-12-30 09:42:58 [main] INFO  o.s.w.s.m.m.a.RequestMappingHandlerMapping - Mapped "{[/error],produces=[text/html]}" onto public org.springframework.web.servlet.ModelAndView org.springframework.boot.autoconfigure.web.BasicErrorController.errorHtml(javax.servlet.http.HttpServletRequest,javax.servlet.http.HttpServletResponse)
2016-12-30 09:42:58 [main] INFO  o.s.w.s.c.a.WebMvcConfigurerAdapter - Adding welcome page: ServletContext resource [/index.html]
2016-12-30 09:42:59 [main] INFO  o.s.w.s.h.SimpleUrlHandlerMapping - Root mapping to handler of type [class org.springframework.web.servlet.mvc.ParameterizableViewController]
2016-12-30 09:42:59 [main] INFO  o.s.w.s.h.SimpleUrlHandlerMapping - Mapped URL path [/webjars/**] onto handler of type [class org.springframework.web.servlet.resource.ResourceHttpRequestHandler]
2016-12-30 09:42:59 [main] INFO  o.s.w.s.h.SimpleUrlHandlerMapping - Mapped URL path [/**] onto handler of type [class org.springframework.web.servlet.resource.ResourceHttpRequestHandler]
2016-12-30 09:42:59 [main] INFO  o.s.w.s.h.SimpleUrlHandlerMapping - Mapped URL path [/**/favicon.ico] onto handler of type [class org.springframework.web.servlet.resource.ResourceHttpRequestHandler]
2016-12-30 09:42:59 [main] WARN  o.s.b.f.a.AutowiredAnnotationBeanPostProcessor - Autowired annotation is not supported on static fields: private static java.lang.String com.foreveross.springboot.dubbo.autoconfigure.JsonDateSerializer.DATE_DEFAULT_PATTERN
2016-12-30 09:42:59 [main] INFO  o.s.j.e.a.AnnotationMBeanExporter - Registering beans for JMX exposure on startup
2016-12-30 09:42:59 [main] INFO  o.s.j.e.a.AnnotationMBeanExporter - Bean with name 'druidDataSource' has been autodetected for JMX exposure
2016-12-30 09:42:59 [main] INFO  o.s.j.e.a.AnnotationMBeanExporter - Located MBean 'druidDataSource': registering with JMX server as MBean [com.alibaba.druid.pool:name=druidDataSource,type=DruidDataSource]
2016-12-30 09:42:59 [main] INFO  o.s.b.c.e.t.TomcatEmbeddedServletContainer - Tomcat started on port(s): 8383 (http)
2016-12-30 09:42:59 [main] INFO  hss.Application - Started Application in 16.771 seconds (JVM running for 20.751)
2016-12-30 09:51:50 [http-nio-8383-exec-1] INFO  o.a.c.c.C.[Tomcat].[localhost].[/] - Initializing Spring FrameworkServlet 'dispatcherServlet'
2016-12-30 09:51:50 [http-nio-8383-exec-1] INFO  o.s.web.servlet.DispatcherServlet - FrameworkServlet 'dispatcherServlet': initialization started
2016-12-30 09:51:50 [http-nio-8383-exec-1] INFO  o.s.web.servlet.DispatcherServlet - FrameworkServlet 'dispatcherServlet': initialization completed in 37 ms
2016-12-30 10:45:35 [main] INFO  hss.Application - Starting Application on Foreveross-PC with PID 7400 (C:\Users\Foreveross\IdeaProjects\sihouzi\target\classes started by Foreveross in C:\Users\Foreveross\IdeaProjects\sihouzi)
2016-12-30 10:45:35 [main] INFO  hss.Application - The following profiles are active: prod
2016-12-30 10:45:35 [main] INFO  o.s.b.f.xml.XmlBeanDefinitionReader - Loading XML bean definitions from file [C:\Users\Foreveross\IdeaProjects\sihouzi\target\classes\spring\services.xml]
2016-12-30 10:45:36 [main] INFO  o.s.b.c.e.AnnotationConfigEmbeddedWebApplicationContext - Refreshing org.springframework.boot.context.embedded.AnnotationConfigEmbeddedWebApplicationContext@4df50bcc: startup date [Fri Dec 30 10:45:36 CST 2016]; root of context hierarchy
2016-12-30 10:45:39 [main] INFO  o.s.c.s.PostProcessorRegistrationDelegate$BeanPostProcessorChecker - Bean 'org.springframework.transaction.annotation.ProxyTransactionManagementConfiguration' of type [class org.springframework.transaction.annotation.ProxyTransactionManagementConfiguration$$EnhancerBySpringCGLIB$$17db815f] is not eligible for getting processed by all BeanPostProcessors (for example: not eligible for auto-proxying)
2016-12-30 10:45:40 [main] INFO  o.s.b.c.e.t.TomcatEmbeddedServletContainer - Tomcat initialized with port(s): 8383 (http)
2016-12-30 10:45:40 [main] INFO  o.a.catalina.core.StandardService - Starting service Tomcat
2016-12-30 10:45:40 [main] INFO  o.a.catalina.core.StandardEngine - Starting Servlet Engine: Apache Tomcat/8.0.33
2016-12-30 10:45:41 [localhost-startStop-1] INFO  o.apache.jasper.servlet.TldScanner - At least one JAR was scanned for TLDs yet contained no TLDs. Enable debug logging for this logger for a complete list of JARs that were scanned but no TLDs were found in them. Skipping unneeded JARs during scanning can improve startup time and JSP compilation time.
2016-12-30 10:45:41 [localhost-startStop-1] INFO  o.a.c.c.C.[Tomcat].[localhost].[/] - Initializing Spring embedded WebApplicationContext
2016-12-30 10:45:41 [localhost-startStop-1] INFO  o.s.web.context.ContextLoader - Root WebApplicationContext: initialization completed in 5799 ms
2016-12-30 10:45:42 [localhost-startStop-1] INFO  o.s.b.c.e.ServletRegistrationBean - Mapping servlet: 'dispatcherServlet' to [/]
2016-12-30 10:45:42 [localhost-startStop-1] INFO  o.s.b.c.e.ServletRegistrationBean - Mapping servlet: 'dubbox-dispatcherServlet' to [/api/*]
2016-12-30 10:45:42 [localhost-startStop-1] INFO  o.s.b.c.e.ServletRegistrationBean - Mapping servlet: 'statViewServlet' to [/druid/*]
2016-12-30 10:45:42 [localhost-startStop-1] INFO  o.s.b.c.e.FilterRegistrationBean - Mapping filter: 'characterEncodingFilter' to: [/*]
2016-12-30 10:45:42 [localhost-startStop-1] INFO  o.s.b.c.e.FilterRegistrationBean - Mapping filter: 'hiddenHttpMethodFilter' to: [/*]
2016-12-30 10:45:42 [localhost-startStop-1] INFO  o.s.b.c.e.FilterRegistrationBean - Mapping filter: 'httpPutFormContentFilter' to: [/*]
2016-12-30 10:45:42 [localhost-startStop-1] INFO  o.s.b.c.e.FilterRegistrationBean - Mapping filter: 'requestContextFilter' to: [/*]
2016-12-30 10:45:42 [localhost-startStop-1] INFO  o.s.b.c.e.FilterRegistrationBean - Mapping filter: 'webStatFilter' to urls: [/*]
2016-12-30 10:45:43 [main] INFO  o.s.o.j.LocalContainerEntityManagerFactoryBean - Building JPA container EntityManagerFactory for persistence unit 'default'
2016-12-30 10:45:45 [main] INFO  c.a.druid.pool.DruidDataSource - {dataSource-1} inited
2016-12-30 10:45:47 [main] INFO  o.s.w.s.m.m.a.RequestMappingHandlerAdapter - Looking for @ControllerAdvice: org.springframework.boot.context.embedded.AnnotationConfigEmbeddedWebApplicationContext@4df50bcc: startup date [Fri Dec 30 10:45:36 CST 2016]; root of context hierarchy
2016-12-30 10:45:47 [main] INFO  o.s.w.s.m.m.a.RequestMappingHandlerMapping - Mapped "{[/shop/hehe]}" onto public java.lang.String hss.service.rest.ShopRestServiceImpl.hehe()
2016-12-30 10:45:47 [main] INFO  o.s.w.s.m.m.a.RequestMappingHandlerMapping - Mapped "{[/shop/update/{id}],methods=[PUT]}" onto public com.foreveross.springboot.dubbo.utils.Payload hss.service.rest.ShopRestServiceImpl.updateShopById(java.lang.Integer,hss.domain.Shop)
2016-12-30 10:45:47 [main] INFO  o.s.w.s.m.m.a.RequestMappingHandlerMapping - Mapped "{[/shop/],methods=[GET]}" onto public com.foreveross.springboot.dubbo.utils.Payload hss.service.rest.ShopRestServiceImpl.getShopList()
2016-12-30 10:45:47 [main] INFO  o.s.w.s.m.m.a.RequestMappingHandlerMapping - Mapped "{[/shop/page],methods=[GET]}" onto public com.foreveross.springboot.dubbo.utils.Payload hss.service.rest.ShopRestServiceImpl.getUserListpage()
2016-12-30 10:45:47 [main] INFO  o.s.w.s.m.m.a.RequestMappingHandlerMapping - Mapped "{[/shop/file],methods=[GET]}" onto public java.lang.String hss.service.rest.ShopRestServiceImpl.test4() throws java.lang.Exception
2016-12-30 10:45:47 [main] INFO  o.s.w.s.m.m.a.RequestMappingHandlerMapping - Mapped "{[/shop/newpage],methods=[GET]}" onto public com.foreveross.springboot.dubbo.utils.Payload hss.service.rest.ShopRestServiceImpl.getDataGroupList(int,int,java.lang.String)
2016-12-30 10:45:47 [main] INFO  o.s.w.s.m.m.a.RequestMappingHandlerMapping - Mapped "{[/shop/{id}],methods=[GET]}" onto public com.foreveross.springboot.dubbo.utils.Payload hss.service.rest.ShopRestServiceImpl.getShopById(java.lang.Integer)
2016-12-30 10:45:47 [main] INFO  o.s.w.s.m.m.a.RequestMappingHandlerMapping - Mapped "{[/shop/add],methods=[POST]}" onto public com.foreveross.springboot.dubbo.utils.Payload hss.service.rest.ShopRestServiceImpl.createShop(hss.domain.Shop)
2016-12-30 10:45:47 [main] INFO  o.s.w.s.m.m.a.RequestMappingHandlerMapping - Mapped "{[/shop/{id}],methods=[DELETE]}" onto public com.foreveross.springboot.dubbo.utils.Payload hss.service.rest.ShopRestServiceImpl.deleteShopById(java.lang.Integer)
2016-12-30 10:45:47 [main] INFO  o.s.w.s.m.m.a.RequestMappingHandlerMapping - Mapped "{[/users/hehe]}" onto public java.lang.String hss.service.rest.UserRestServiceImpl.hehe()
2016-12-30 10:45:47 [main] INFO  o.s.w.s.m.m.a.RequestMappingHandlerMapping - Mapped "{[/users/page],methods=[GET]}" onto public com.foreveross.springboot.dubbo.utils.Payload hss.service.rest.UserRestServiceImpl.getUserListpage()
2016-12-30 10:45:47 [main] INFO  o.s.w.s.m.m.a.RequestMappingHandlerMapping - Mapped "{[/users/{id}],methods=[GET]}" onto public com.foreveross.springboot.dubbo.utils.Payload hss.service.rest.UserRestServiceImpl.getUserById(java.lang.Integer)
2016-12-30 10:45:47 [main] INFO  o.s.w.s.m.m.a.RequestMappingHandlerMapping - Mapped "{[/users/{id}],methods=[DELETE]}" onto public com.foreveross.springboot.dubbo.utils.Payload hss.service.rest.UserRestServiceImpl.deleteUserById(java.lang.Integer)
2016-12-30 10:45:47 [main] INFO  o.s.w.s.m.m.a.RequestMappingHandlerMapping - Mapped "{[/users/add],methods=[POST]}" onto public com.foreveross.springboot.dubbo.utils.Payload hss.service.rest.UserRestServiceImpl.createUser(hss.domain.User)
2016-12-30 10:45:47 [main] INFO  o.s.w.s.m.m.a.RequestMappingHandlerMapping - Mapped "{[/users/update/{id}],methods=[PUT]}" onto public com.foreveross.springboot.dubbo.utils.Payload hss.service.rest.UserRestServiceImpl.updateUserById(java.lang.Integer,hss.domain.User)
2016-12-30 10:45:47 [main] INFO  o.s.w.s.m.m.a.RequestMappingHandlerMapping - Mapped "{[/users/],methods=[GET]}" onto public com.foreveross.springboot.dubbo.utils.Payload hss.service.rest.UserRestServiceImpl.getUserList()
2016-12-30 10:45:47 [main] INFO  o.s.w.s.m.m.a.RequestMappingHandlerMapping - Mapped "{[/error]}" onto public org.springframework.http.ResponseEntity<java.util.Map<java.lang.String, java.lang.Object>> org.springframework.boot.autoconfigure.web.BasicErrorController.error(javax.servlet.http.HttpServletRequest)
2016-12-30 10:45:47 [main] INFO  o.s.w.s.m.m.a.RequestMappingHandlerMapping - Mapped "{[/error],produces=[text/html]}" onto public org.springframework.web.servlet.ModelAndView org.springframework.boot.autoconfigure.web.BasicErrorController.errorHtml(javax.servlet.http.HttpServletRequest,javax.servlet.http.HttpServletResponse)
2016-12-30 10:45:47 [main] INFO  o.s.w.s.c.a.WebMvcConfigurerAdapter - Adding welcome page: ServletContext resource [/index.html]
2016-12-30 10:45:47 [main] INFO  o.s.w.s.h.SimpleUrlHandlerMapping - Root mapping to handler of type [class org.springframework.web.servlet.mvc.ParameterizableViewController]
2016-12-30 10:45:47 [main] INFO  o.s.w.s.h.SimpleUrlHandlerMapping - Mapped URL path [/webjars/**] onto handler of type [class org.springframework.web.servlet.resource.ResourceHttpRequestHandler]
2016-12-30 10:45:47 [main] INFO  o.s.w.s.h.SimpleUrlHandlerMapping - Mapped URL path [/**] onto handler of type [class org.springframework.web.servlet.resource.ResourceHttpRequestHandler]
2016-12-30 10:45:47 [main] INFO  o.s.w.s.h.SimpleUrlHandlerMapping - Mapped URL path [/**/favicon.ico] onto handler of type [class org.springframework.web.servlet.resource.ResourceHttpRequestHandler]
2016-12-30 10:45:47 [main] WARN  o.s.b.f.a.AutowiredAnnotationBeanPostProcessor - Autowired annotation is not supported on static fields: private static java.lang.String com.foreveross.springboot.dubbo.autoconfigure.JsonDateSerializer.DATE_DEFAULT_PATTERN
2016-12-30 10:45:47 [main] INFO  o.s.j.e.a.AnnotationMBeanExporter - Registering beans for JMX exposure on startup
2016-12-30 10:45:47 [main] INFO  o.s.j.e.a.AnnotationMBeanExporter - Bean with name 'druidDataSource' has been autodetected for JMX exposure
2016-12-30 10:45:47 [main] INFO  o.s.j.e.a.AnnotationMBeanExporter - Located MBean 'druidDataSource': registering with JMX server as MBean [com.alibaba.druid.pool:name=druidDataSource,type=DruidDataSource]
2016-12-30 10:45:47 [main] INFO  o.s.b.c.e.t.TomcatEmbeddedServletContainer - Tomcat started on port(s): 8383 (http)
2016-12-30 10:45:47 [main] INFO  hss.Application - Started Application in 13.662 seconds (JVM running for 14.755)
2016-12-30 10:46:33 [http-nio-8383-exec-1] INFO  o.a.c.c.C.[Tomcat].[localhost].[/] - Initializing Spring FrameworkServlet 'dispatcherServlet'
2016-12-30 10:46:33 [http-nio-8383-exec-1] INFO  o.s.web.servlet.DispatcherServlet - FrameworkServlet 'dispatcherServlet': initialization started
2016-12-30 10:46:33 [http-nio-8383-exec-1] INFO  o.s.web.servlet.DispatcherServlet - FrameworkServlet 'dispatcherServlet': initialization completed in 21 ms
2016-12-30 14:49:09 [main] INFO  hss.Application - Starting Application on Foreveross-PC with PID 5572 (C:\Users\Foreveross\IdeaProjects\sihouzi\target\classes started by Foreveross in C:\Users\Foreveross\IdeaProjects\sihouzi)
2016-12-30 14:49:09 [main] INFO  hss.Application - The following profiles are active: prod
2016-12-30 14:49:10 [main] INFO  o.s.b.f.xml.XmlBeanDefinitionReader - Loading XML bean definitions from file [C:\Users\Foreveross\IdeaProjects\sihouzi\target\classes\spring\services.xml]
2016-12-30 14:49:11 [main] INFO  o.s.b.c.e.AnnotationConfigEmbeddedWebApplicationContext - Refreshing org.springframework.boot.context.embedded.AnnotationConfigEmbeddedWebApplicationContext@4df50bcc: startup date [Fri Dec 30 14:49:11 CST 2016]; root of context hierarchy
2016-12-30 14:49:16 [main] INFO  o.s.c.s.PostProcessorRegistrationDelegate$BeanPostProcessorChecker - Bean 'org.springframework.transaction.annotation.ProxyTransactionManagementConfiguration' of type [class org.springframework.transaction.annotation.ProxyTransactionManagementConfiguration$$EnhancerBySpringCGLIB$$17db815f] is not eligible for getting processed by all BeanPostProcessors (for example: not eligible for auto-proxying)
2016-12-30 14:49:18 [main] INFO  o.s.b.c.e.t.TomcatEmbeddedServletContainer - Tomcat initialized with port(s): 8383 (http)
2016-12-30 14:49:18 [main] INFO  o.a.catalina.core.StandardService - Starting service Tomcat
2016-12-30 14:49:18 [main] INFO  o.a.catalina.core.StandardEngine - Starting Servlet Engine: Apache Tomcat/8.0.33
2016-12-30 14:49:20 [localhost-startStop-1] INFO  o.apache.jasper.servlet.TldScanner - At least one JAR was scanned for TLDs yet contained no TLDs. Enable debug logging for this logger for a complete list of JARs that were scanned but no TLDs were found in them. Skipping unneeded JARs during scanning can improve startup time and JSP compilation time.
2016-12-30 14:49:20 [localhost-startStop-1] INFO  o.a.c.c.C.[Tomcat].[localhost].[/] - Initializing Spring embedded WebApplicationContext
2016-12-30 14:49:20 [localhost-startStop-1] INFO  o.s.web.context.ContextLoader - Root WebApplicationContext: initialization completed in 8918 ms
2016-12-30 14:49:22 [localhost-startStop-1] INFO  o.s.b.c.e.ServletRegistrationBean - Mapping servlet: 'dispatcherServlet' to [/]
2016-12-30 14:49:22 [localhost-startStop-1] INFO  o.s.b.c.e.ServletRegistrationBean - Mapping servlet: 'dubbox-dispatcherServlet' to [/api/*]
2016-12-30 14:49:22 [localhost-startStop-1] INFO  o.s.b.c.e.ServletRegistrationBean - Mapping servlet: 'statViewServlet' to [/druid/*]
2016-12-30 14:49:22 [localhost-startStop-1] INFO  o.s.b.c.e.FilterRegistrationBean - Mapping filter: 'characterEncodingFilter' to: [/*]
2016-12-30 14:49:22 [localhost-startStop-1] INFO  o.s.b.c.e.FilterRegistrationBean - Mapping filter: 'hiddenHttpMethodFilter' to: [/*]
2016-12-30 14:49:22 [localhost-startStop-1] INFO  o.s.b.c.e.FilterRegistrationBean - Mapping filter: 'httpPutFormContentFilter' to: [/*]
2016-12-30 14:49:22 [localhost-startStop-1] INFO  o.s.b.c.e.FilterRegistrationBean - Mapping filter: 'requestContextFilter' to: [/*]
2016-12-30 14:49:22 [localhost-startStop-1] INFO  o.s.b.c.e.FilterRegistrationBean - Mapping filter: 'webStatFilter' to urls: [/*]
2016-12-30 14:49:23 [main] INFO  o.s.o.j.LocalContainerEntityManagerFactoryBean - Building JPA container EntityManagerFactory for persistence unit 'default'
2016-12-30 14:49:25 [main] INFO  c.a.druid.pool.DruidDataSource - {dataSource-1} inited
2016-12-30 14:49:29 [main] INFO  o.s.w.s.m.m.a.RequestMappingHandlerAdapter - Looking for @ControllerAdvice: org.springframework.boot.context.embedded.AnnotationConfigEmbeddedWebApplicationContext@4df50bcc: startup date [Fri Dec 30 14:49:11 CST 2016]; root of context hierarchy
2016-12-30 14:49:29 [main] INFO  o.s.w.s.m.m.a.RequestMappingHandlerMapping - Mapped "{[/shop/hehe]}" onto public java.lang.String hss.service.rest.ShopRestServiceImpl.hehe()
2016-12-30 14:49:29 [main] INFO  o.s.w.s.m.m.a.RequestMappingHandlerMapping - Mapped "{[/shop/update/{id}],methods=[PUT]}" onto public com.foreveross.springboot.dubbo.utils.Payload hss.service.rest.ShopRestServiceImpl.updateShopById(java.lang.Integer,hss.domain.Shop)
2016-12-30 14:49:29 [main] INFO  o.s.w.s.m.m.a.RequestMappingHandlerMapping - Mapped "{[/shop/],methods=[GET]}" onto public com.foreveross.springboot.dubbo.utils.Payload hss.service.rest.ShopRestServiceImpl.getShopList()
2016-12-30 14:49:29 [main] INFO  o.s.w.s.m.m.a.RequestMappingHandlerMapping - Mapped "{[/shop/page],methods=[GET]}" onto public com.foreveross.springboot.dubbo.utils.Payload hss.service.rest.ShopRestServiceImpl.getUserListpage()
2016-12-30 14:49:29 [main] INFO  o.s.w.s.m.m.a.RequestMappingHandlerMapping - Mapped "{[/shop/file],methods=[GET]}" onto public java.lang.String hss.service.rest.ShopRestServiceImpl.test4() throws java.lang.Exception
2016-12-30 14:49:29 [main] INFO  o.s.w.s.m.m.a.RequestMappingHandlerMapping - Mapped "{[/shop/newpage],methods=[GET]}" onto public com.foreveross.springboot.dubbo.utils.Payload hss.service.rest.ShopRestServiceImpl.getDataGroupList(int,int,java.lang.String)
2016-12-30 14:49:29 [main] INFO  o.s.w.s.m.m.a.RequestMappingHandlerMapping - Mapped "{[/shop/{id}],methods=[GET]}" onto public com.foreveross.springboot.dubbo.utils.Payload hss.service.rest.ShopRestServiceImpl.getShopById(java.lang.Integer)
2016-12-30 14:49:29 [main] INFO  o.s.w.s.m.m.a.RequestMappingHandlerMapping - Mapped "{[/shop/add],methods=[POST]}" onto public com.foreveross.springboot.dubbo.utils.Payload hss.service.rest.ShopRestServiceImpl.createShop(hss.domain.Shop)
2016-12-30 14:49:29 [main] INFO  o.s.w.s.m.m.a.RequestMappingHandlerMapping - Mapped "{[/shop/{id}],methods=[DELETE]}" onto public com.foreveross.springboot.dubbo.utils.Payload hss.service.rest.ShopRestServiceImpl.deleteShopById(java.lang.Integer)
2016-12-30 14:49:29 [main] INFO  o.s.w.s.m.m.a.RequestMappingHandlerMapping - Mapped "{[/users/{id}],methods=[GET]}" onto public com.foreveross.springboot.dubbo.utils.Payload hss.service.rest.UserRestServiceImpl.getUserById(java.lang.Integer)
2016-12-30 14:49:29 [main] INFO  o.s.w.s.m.m.a.RequestMappingHandlerMapping - Mapped "{[/users/{id}],methods=[DELETE]}" onto public com.foreveross.springboot.dubbo.utils.Payload hss.service.rest.UserRestServiceImpl.deleteUserById(java.lang.Integer)
2016-12-30 14:49:29 [main] INFO  o.s.w.s.m.m.a.RequestMappingHandlerMapping - Mapped "{[/users/add],methods=[POST]}" onto public com.foreveross.springboot.dubbo.utils.Payload hss.service.rest.UserRestServiceImpl.createUser(hss.domain.User)
2016-12-30 14:49:29 [main] INFO  o.s.w.s.m.m.a.RequestMappingHandlerMapping - Mapped "{[/users/update/{id}],methods=[PUT]}" onto public com.foreveross.springboot.dubbo.utils.Payload hss.service.rest.UserRestServiceImpl.updateUserById(java.lang.Integer,hss.domain.User)
2016-12-30 14:49:29 [main] INFO  o.s.w.s.m.m.a.RequestMappingHandlerMapping - Mapped "{[/users/],methods=[GET]}" onto public com.foreveross.springboot.dubbo.utils.Payload hss.service.rest.UserRestServiceImpl.getUserList()
2016-12-30 14:49:29 [main] INFO  o.s.w.s.m.m.a.RequestMappingHandlerMapping - Mapped "{[/users/hehe]}" onto public java.lang.String hss.service.rest.UserRestServiceImpl.hehe()
2016-12-30 14:49:29 [main] INFO  o.s.w.s.m.m.a.RequestMappingHandlerMapping - Mapped "{[/users/page],methods=[GET]}" onto public com.foreveross.springboot.dubbo.utils.Payload hss.service.rest.UserRestServiceImpl.getUserListpage()
2016-12-30 14:49:29 [main] INFO  o.s.w.s.m.m.a.RequestMappingHandlerMapping - Mapped "{[/error]}" onto public org.springframework.http.ResponseEntity<java.util.Map<java.lang.String, java.lang.Object>> org.springframework.boot.autoconfigure.web.BasicErrorController.error(javax.servlet.http.HttpServletRequest)
2016-12-30 14:49:29 [main] INFO  o.s.w.s.m.m.a.RequestMappingHandlerMapping - Mapped "{[/error],produces=[text/html]}" onto public org.springframework.web.servlet.ModelAndView org.springframework.boot.autoconfigure.web.BasicErrorController.errorHtml(javax.servlet.http.HttpServletRequest,javax.servlet.http.HttpServletResponse)
2016-12-30 14:49:29 [main] INFO  o.s.w.s.c.a.WebMvcConfigurerAdapter - Adding welcome page: ServletContext resource [/index.html]
2016-12-30 14:49:29 [main] INFO  o.s.w.s.h.SimpleUrlHandlerMapping - Root mapping to handler of type [class org.springframework.web.servlet.mvc.ParameterizableViewController]
2016-12-30 14:49:29 [main] INFO  o.s.w.s.h.SimpleUrlHandlerMapping - Mapped URL path [/webjars/**] onto handler of type [class org.springframework.web.servlet.resource.ResourceHttpRequestHandler]
2016-12-30 14:49:29 [main] INFO  o.s.w.s.h.SimpleUrlHandlerMapping - Mapped URL path [/**] onto handler of type [class org.springframework.web.servlet.resource.ResourceHttpRequestHandler]
2016-12-30 14:49:30 [main] INFO  o.s.w.s.h.SimpleUrlHandlerMapping - Mapped URL path [/**/favicon.ico] onto handler of type [class org.springframework.web.servlet.resource.ResourceHttpRequestHandler]
2016-12-30 14:49:30 [main] WARN  o.s.b.f.a.AutowiredAnnotationBeanPostProcessor - Autowired annotation is not supported on static fields: private static java.lang.String com.foreveross.springboot.dubbo.autoconfigure.JsonDateSerializer.DATE_DEFAULT_PATTERN
2016-12-30 14:49:30 [main] INFO  o.s.j.e.a.AnnotationMBeanExporter - Registering beans for JMX exposure on startup
2016-12-30 14:49:30 [main] INFO  o.s.j.e.a.AnnotationMBeanExporter - Bean with name 'druidDataSource' has been autodetected for JMX exposure
2016-12-30 14:49:30 [main] INFO  o.s.j.e.a.AnnotationMBeanExporter - Located MBean 'druidDataSource': registering with JMX server as MBean [com.alibaba.druid.pool:name=druidDataSource,type=DruidDataSource]
2016-12-30 14:49:30 [main] INFO  o.s.b.c.e.t.TomcatEmbeddedServletContainer - Tomcat started on port(s): 8383 (http)
2016-12-30 14:49:30 [main] INFO  hss.Application - Started Application in 24.465 seconds (JVM running for 25.963)
2016-12-30 14:50:03 [http-nio-8383-exec-1] INFO  o.a.c.c.C.[Tomcat].[localhost].[/] - Initializing Spring FrameworkServlet 'dispatcherServlet'
2016-12-30 14:50:03 [http-nio-8383-exec-1] INFO  o.s.web.servlet.DispatcherServlet - FrameworkServlet 'dispatcherServlet': initialization started
2016-12-30 14:50:03 [http-nio-8383-exec-1] INFO  o.s.web.servlet.DispatcherServlet - FrameworkServlet 'dispatcherServlet': initialization completed in 32 ms
2016-12-30 14:50:03 [http-nio-8383-exec-1] ERROR o.a.c.c.C.[.[.[.[dispatcherServlet] - Servlet.service() for servlet [dispatcherServlet] in context with path [] threw exception [Request processing failed; nested exception is java.lang.NullPointerException] with root cause
java.lang.NullPointerException: null
	at hss.utils.TemplateFileUtil.getTemplates(TemplateFileUtil.java:18)
	at hss.utils.ExcelTemplate.readTemplateByClasspath(ExcelTemplate.java:97)
	at hss.utils.ExcelUtil.handlerObj2Excel(ExcelUtil.java:43)
	at hss.utils.ExcelUtil.exportObj2ExcelByTemplate(ExcelUtil.java:93)
	at hss.service.rest.ShopRestServiceImpl.test4(ShopRestServiceImpl.java:114)
	at sun.reflect.NativeMethodAccessorImpl.invoke0(Native Method)
	at sun.reflect.NativeMethodAccessorImpl.invoke(NativeMethodAccessorImpl.java:62)
	at sun.reflect.DelegatingMethodAccessorImpl.invoke(DelegatingMethodAccessorImpl.java:43)
	at java.lang.reflect.Method.invoke(Method.java:483)
	at org.springframework.web.method.support.InvocableHandlerMethod.doInvoke(InvocableHandlerMethod.java:221)
	at org.springframework.web.method.support.InvocableHandlerMethod.invokeForRequest(InvocableHandlerMethod.java:136)
	at org.springframework.web.servlet.mvc.method.annotation.ServletInvocableHandlerMethod.invokeAndHandle(ServletInvocableHandlerMethod.java:110)
	at org.springframework.web.servlet.mvc.method.annotation.RequestMappingHandlerAdapter.invokeHandlerMethod(RequestMappingHandlerAdapter.java:832)
	at org.springframework.web.servlet.mvc.method.annotation.RequestMappingHandlerAdapter.handleInternal(RequestMappingHandlerAdapter.java:743)
	at org.springframework.web.servlet.mvc.method.AbstractHandlerMethodAdapter.handle(AbstractHandlerMethodAdapter.java:85)
	at org.springframework.web.servlet.DispatcherServlet.doDispatch(DispatcherServlet.java:961)
	at org.springframework.web.servlet.DispatcherServlet.doService(DispatcherServlet.java:895)
	at org.springframework.web.servlet.FrameworkServlet.processRequest(FrameworkServlet.java:967)
	at org.springframework.web.servlet.FrameworkServlet.doGet(FrameworkServlet.java:858)
	at javax.servlet.http.HttpServlet.service(HttpServlet.java:622)
	at org.springframework.web.servlet.FrameworkServlet.service(FrameworkServlet.java:843)
	at javax.servlet.http.HttpServlet.service(HttpServlet.java:729)
	at org.apache.catalina.core.ApplicationFilterChain.internalDoFilter(ApplicationFilterChain.java:292)
	at org.apache.catalina.core.ApplicationFilterChain.doFilter(ApplicationFilterChain.java:207)
	at org.apache.tomcat.websocket.server.WsFilter.doFilter(WsFilter.java:52)
	at org.apache.catalina.core.ApplicationFilterChain.internalDoFilter(ApplicationFilterChain.java:240)
	at org.apache.catalina.core.ApplicationFilterChain.doFilter(ApplicationFilterChain.java:207)
	at com.alibaba.druid.support.http.WebStatFilter.doFilter(WebStatFilter.java:123)
	at org.apache.catalina.core.ApplicationFilterChain.internalDoFilter(ApplicationFilterChain.java:240)
	at org.apache.catalina.core.ApplicationFilterChain.doFilter(ApplicationFilterChain.java:207)
	at org.springframework.web.filter.RequestContextFilter.doFilterInternal(RequestContextFilter.java:99)
	at org.springframework.web.filter.OncePerRequestFilter.doFilter(OncePerRequestFilter.java:107)
	at org.apache.catalina.core.ApplicationFilterChain.internalDoFilter(ApplicationFilterChain.java:240)
	at org.apache.catalina.core.ApplicationFilterChain.doFilter(ApplicationFilterChain.java:207)
	at org.springframework.web.filter.HttpPutFormContentFilter.doFilterInternal(HttpPutFormContentFilter.java:87)
	at org.springframework.web.filter.OncePerRequestFilter.doFilter(OncePerRequestFilter.java:107)
	at org.apache.catalina.core.ApplicationFilterChain.internalDoFilter(ApplicationFilterChain.java:240)
	at org.apache.catalina.core.ApplicationFilterChain.doFilter(ApplicationFilterChain.java:207)
	at org.springframework.web.filter.HiddenHttpMethodFilter.doFilterInternal(HiddenHttpMethodFilter.java:77)
	at org.springframework.web.filter.OncePerRequestFilter.doFilter(OncePerRequestFilter.java:107)
	at org.apache.catalina.core.ApplicationFilterChain.internalDoFilter(ApplicationFilterChain.java:240)
	at org.apache.catalina.core.ApplicationFilterChain.doFilter(ApplicationFilterChain.java:207)
	at org.springframework.web.filter.CharacterEncodingFilter.doFilterInternal(CharacterEncodingFilter.java:121)
	at org.springframework.web.filter.OncePerRequestFilter.doFilter(OncePerRequestFilter.java:107)
	at org.apache.catalina.core.ApplicationFilterChain.internalDoFilter(ApplicationFilterChain.java:240)
	at org.apache.catalina.core.ApplicationFilterChain.doFilter(ApplicationFilterChain.java:207)
	at org.apache.catalina.core.StandardWrapperValve.invoke(StandardWrapperValve.java:212)
	at org.apache.catalina.core.StandardContextValve.invoke(StandardContextValve.java:106)
	at org.apache.catalina.authenticator.AuthenticatorBase.invoke(AuthenticatorBase.java:502)
	at org.apache.catalina.core.StandardHostValve.invoke(StandardHostValve.java:141)
	at org.apache.catalina.valves.ErrorReportValve.invoke(ErrorReportValve.java:79)
	at org.apache.catalina.core.StandardEngineValve.invoke(StandardEngineValve.java:88)
	at org.apache.catalina.connector.CoyoteAdapter.service(CoyoteAdapter.java:522)
	at org.apache.coyote.http11.AbstractHttp11Processor.process(AbstractHttp11Processor.java:1095)
	at org.apache.coyote.AbstractProtocol$AbstractConnectionHandler.process(AbstractProtocol.java:672)
	at org.apache.tomcat.util.net.NioEndpoint$SocketProcessor.doRun(NioEndpoint.java:1502)
	at org.apache.tomcat.util.net.NioEndpoint$SocketProcessor.run(NioEndpoint.java:1458)
	at java.util.concurrent.ThreadPoolExecutor.runWorker(ThreadPoolExecutor.java:1142)
	at java.util.concurrent.ThreadPoolExecutor$Worker.run(ThreadPoolExecutor.java:617)
	at org.apache.tomcat.util.threads.TaskThread$WrappingRunnable.run(TaskThread.java:61)
	at java.lang.Thread.run(Thread.java:745)
2016-12-30 16:59:13 [main] INFO  hss.Application - Starting Application on Foreveross-PC with PID 7568 (C:\Users\Foreveross\IdeaProjects\sihouzi\target\classes started by Foreveross in C:\Users\Foreveross\IdeaProjects\sihouzi)
2016-12-30 16:59:13 [main] INFO  hss.Application - The following profiles are active: prod
2016-12-30 16:59:15 [main] INFO  o.s.b.f.xml.XmlBeanDefinitionReader - Loading XML bean definitions from file [C:\Users\Foreveross\IdeaProjects\sihouzi\target\classes\spring\services.xml]
2016-12-30 16:59:15 [main] INFO  o.s.b.c.e.AnnotationConfigEmbeddedWebApplicationContext - Refreshing org.springframework.boot.context.embedded.AnnotationConfigEmbeddedWebApplicationContext@4df50bcc: startup date [Fri Dec 30 16:59:15 CST 2016]; root of context hierarchy
2016-12-30 16:59:20 [main] INFO  o.s.c.s.PostProcessorRegistrationDelegate$BeanPostProcessorChecker - Bean 'org.springframework.transaction.annotation.ProxyTransactionManagementConfiguration' of type [class org.springframework.transaction.annotation.ProxyTransactionManagementConfiguration$$EnhancerBySpringCGLIB$$17db815f] is not eligible for getting processed by all BeanPostProcessors (for example: not eligible for auto-proxying)
2016-12-30 16:59:22 [main] INFO  o.s.b.c.e.t.TomcatEmbeddedServletContainer - Tomcat initialized with port(s): 8383 (http)
2016-12-30 16:59:22 [main] INFO  o.a.catalina.core.StandardService - Starting service Tomcat
2016-12-30 16:59:22 [main] INFO  o.a.catalina.core.StandardEngine - Starting Servlet Engine: Apache Tomcat/8.0.33
2016-12-30 16:59:24 [localhost-startStop-1] INFO  o.apache.jasper.servlet.TldScanner - At least one JAR was scanned for TLDs yet contained no TLDs. Enable debug logging for this logger for a complete list of JARs that were scanned but no TLDs were found in them. Skipping unneeded JARs during scanning can improve startup time and JSP compilation time.
2016-12-30 16:59:24 [localhost-startStop-1] INFO  o.a.c.c.C.[Tomcat].[localhost].[/] - Initializing Spring embedded WebApplicationContext
2016-12-30 16:59:24 [localhost-startStop-1] INFO  o.s.web.context.ContextLoader - Root WebApplicationContext: initialization completed in 8251 ms
2016-12-30 16:59:24 [localhost-startStop-1] INFO  o.s.b.c.e.ServletRegistrationBean - Mapping servlet: 'dispatcherServlet' to [/]
2016-12-30 16:59:24 [localhost-startStop-1] INFO  o.s.b.c.e.ServletRegistrationBean - Mapping servlet: 'dubbox-dispatcherServlet' to [/api/*]
2016-12-30 16:59:24 [localhost-startStop-1] INFO  o.s.b.c.e.ServletRegistrationBean - Mapping servlet: 'statViewServlet' to [/druid/*]
2016-12-30 16:59:24 [localhost-startStop-1] INFO  o.s.b.c.e.FilterRegistrationBean - Mapping filter: 'characterEncodingFilter' to: [/*]
2016-12-30 16:59:24 [localhost-startStop-1] INFO  o.s.b.c.e.FilterRegistrationBean - Mapping filter: 'hiddenHttpMethodFilter' to: [/*]
2016-12-30 16:59:24 [localhost-startStop-1] INFO  o.s.b.c.e.FilterRegistrationBean - Mapping filter: 'httpPutFormContentFilter' to: [/*]
2016-12-30 16:59:24 [localhost-startStop-1] INFO  o.s.b.c.e.FilterRegistrationBean - Mapping filter: 'requestContextFilter' to: [/*]
2016-12-30 16:59:24 [localhost-startStop-1] INFO  o.s.b.c.e.FilterRegistrationBean - Mapping filter: 'webStatFilter' to urls: [/*]
2016-12-30 16:59:25 [main] INFO  o.s.o.j.LocalContainerEntityManagerFactoryBean - Building JPA container EntityManagerFactory for persistence unit 'default'
2016-12-30 16:59:27 [main] INFO  c.a.druid.pool.DruidDataSource - {dataSource-1} inited
2016-12-30 16:59:29 [main] INFO  o.s.w.s.m.m.a.RequestMappingHandlerAdapter - Looking for @ControllerAdvice: org.springframework.boot.context.embedded.AnnotationConfigEmbeddedWebApplicationContext@4df50bcc: startup date [Fri Dec 30 16:59:15 CST 2016]; root of context hierarchy
2016-12-30 16:59:30 [main] INFO  o.s.w.s.m.m.a.RequestMappingHandlerMapping - Mapped "{[/shop/hehe]}" onto public java.lang.String hss.service.rest.ShopRestServiceImpl.hehe()
2016-12-30 16:59:30 [main] INFO  o.s.w.s.m.m.a.RequestMappingHandlerMapping - Mapped "{[/shop/update/{id}],methods=[PUT]}" onto public com.foreveross.springboot.dubbo.utils.Payload hss.service.rest.ShopRestServiceImpl.updateShopById(java.lang.Integer,hss.domain.Shop)
2016-12-30 16:59:30 [main] INFO  o.s.w.s.m.m.a.RequestMappingHandlerMapping - Mapped "{[/shop/],methods=[GET]}" onto public com.foreveross.springboot.dubbo.utils.Payload hss.service.rest.ShopRestServiceImpl.getShopList()
2016-12-30 16:59:30 [main] INFO  o.s.w.s.m.m.a.RequestMappingHandlerMapping - Mapped "{[/shop/page],methods=[GET]}" onto public com.foreveross.springboot.dubbo.utils.Payload hss.service.rest.ShopRestServiceImpl.getUserListpage()
2016-12-30 16:59:30 [main] INFO  o.s.w.s.m.m.a.RequestMappingHandlerMapping - Mapped "{[/shop/file],methods=[GET]}" onto public java.lang.String hss.service.rest.ShopRestServiceImpl.test4() throws java.lang.Exception
2016-12-30 16:59:30 [main] INFO  o.s.w.s.m.m.a.RequestMappingHandlerMapping - Mapped "{[/shop/newpage],methods=[GET]}" onto public com.foreveross.springboot.dubbo.utils.Payload hss.service.rest.ShopRestServiceImpl.getDataGroupList(int,int,java.lang.String)
2016-12-30 16:59:30 [main] INFO  o.s.w.s.m.m.a.RequestMappingHandlerMapping - Mapped "{[/shop/{id}],methods=[GET]}" onto public com.foreveross.springboot.dubbo.utils.Payload hss.service.rest.ShopRestServiceImpl.getShopById(java.lang.Integer)
2016-12-30 16:59:30 [main] INFO  o.s.w.s.m.m.a.RequestMappingHandlerMapping - Mapped "{[/shop/add],methods=[POST]}" onto public com.foreveross.springboot.dubbo.utils.Payload hss.service.rest.ShopRestServiceImpl.createShop(hss.domain.Shop)
2016-12-30 16:59:30 [main] INFO  o.s.w.s.m.m.a.RequestMappingHandlerMapping - Mapped "{[/shop/{id}],methods=[DELETE]}" onto public com.foreveross.springboot.dubbo.utils.Payload hss.service.rest.ShopRestServiceImpl.deleteShopById(java.lang.Integer)
2016-12-30 16:59:30 [main] INFO  o.s.w.s.m.m.a.RequestMappingHandlerMapping - Mapped "{[/users/hehe]}" onto public java.lang.String hss.service.rest.UserRestServiceImpl.hehe()
2016-12-30 16:59:30 [main] INFO  o.s.w.s.m.m.a.RequestMappingHandlerMapping - Mapped "{[/users/page],methods=[GET]}" onto public com.foreveross.springboot.dubbo.utils.Payload hss.service.rest.UserRestServiceImpl.getUserListpage()
2016-12-30 16:59:30 [main] INFO  o.s.w.s.m.m.a.RequestMappingHandlerMapping - Mapped "{[/users/{id}],methods=[GET]}" onto public com.foreveross.springboot.dubbo.utils.Payload hss.service.rest.UserRestServiceImpl.getUserById(java.lang.Integer)
2016-12-30 16:59:30 [main] INFO  o.s.w.s.m.m.a.RequestMappingHandlerMapping - Mapped "{[/users/{id}],methods=[DELETE]}" onto public com.foreveross.springboot.dubbo.utils.Payload hss.service.rest.UserRestServiceImpl.deleteUserById(java.lang.Integer)
2016-12-30 16:59:30 [main] INFO  o.s.w.s.m.m.a.RequestMappingHandlerMapping - Mapped "{[/users/add],methods=[POST]}" onto public com.foreveross.springboot.dubbo.utils.Payload hss.service.rest.UserRestServiceImpl.createUser(hss.domain.User)
2016-12-30 16:59:30 [main] INFO  o.s.w.s.m.m.a.RequestMappingHandlerMapping - Mapped "{[/users/update/{id}],methods=[PUT]}" onto public com.foreveross.springboot.dubbo.utils.Payload hss.service.rest.UserRestServiceImpl.updateUserById(java.lang.Integer,hss.domain.User)
2016-12-30 16:59:30 [main] INFO  o.s.w.s.m.m.a.RequestMappingHandlerMapping - Mapped "{[/users/],methods=[GET]}" onto public com.foreveross.springboot.dubbo.utils.Payload hss.service.rest.UserRestServiceImpl.getUserList()
2016-12-30 16:59:30 [main] INFO  o.s.w.s.m.m.a.RequestMappingHandlerMapping - Mapped "{[/error]}" onto public org.springframework.http.ResponseEntity<java.util.Map<java.lang.String, java.lang.Object>> org.springframework.boot.autoconfigure.web.BasicErrorController.error(javax.servlet.http.HttpServletRequest)
2016-12-30 16:59:30 [main] INFO  o.s.w.s.m.m.a.RequestMappingHandlerMapping - Mapped "{[/error],produces=[text/html]}" onto public org.springframework.web.servlet.ModelAndView org.springframework.boot.autoconfigure.web.BasicErrorController.errorHtml(javax.servlet.http.HttpServletRequest,javax.servlet.http.HttpServletResponse)
2016-12-30 16:59:30 [main] INFO  o.s.w.s.c.a.WebMvcConfigurerAdapter - Adding welcome page: ServletContext resource [/index.html]
2016-12-30 16:59:30 [main] INFO  o.s.w.s.h.SimpleUrlHandlerMapping - Root mapping to handler of type [class org.springframework.web.servlet.mvc.ParameterizableViewController]
2016-12-30 16:59:30 [main] INFO  o.s.w.s.h.SimpleUrlHandlerMapping - Mapped URL path [/webjars/**] onto handler of type [class org.springframework.web.servlet.resource.ResourceHttpRequestHandler]
2016-12-30 16:59:30 [main] INFO  o.s.w.s.h.SimpleUrlHandlerMapping - Mapped URL path [/**] onto handler of type [class org.springframework.web.servlet.resource.ResourceHttpRequestHandler]
2016-12-30 16:59:30 [main] INFO  o.s.w.s.h.SimpleUrlHandlerMapping - Mapped URL path [/**/favicon.ico] onto handler of type [class org.springframework.web.servlet.resource.ResourceHttpRequestHandler]
2016-12-30 16:59:30 [main] WARN  o.s.b.f.a.AutowiredAnnotationBeanPostProcessor - Autowired annotation is not supported on static fields: private static java.lang.String com.foreveross.springboot.dubbo.autoconfigure.JsonDateSerializer.DATE_DEFAULT_PATTERN
2016-12-30 16:59:30 [main] INFO  o.s.j.e.a.AnnotationMBeanExporter - Registering beans for JMX exposure on startup
2016-12-30 16:59:30 [main] INFO  o.s.j.e.a.AnnotationMBeanExporter - Bean with name 'druidDataSource' has been autodetected for JMX exposure
2016-12-30 16:59:30 [main] INFO  o.s.j.e.a.AnnotationMBeanExporter - Located MBean 'druidDataSource': registering with JMX server as MBean [com.alibaba.druid.pool:name=druidDataSource,type=DruidDataSource]
2016-12-30 16:59:30 [main] INFO  o.s.b.c.e.t.TomcatEmbeddedServletContainer - Tomcat started on port(s): 8383 (http)
2016-12-30 16:59:30 [main] INFO  hss.Application - Started Application in 19.092 seconds (JVM running for 19.99)
2016-12-30 16:59:59 [http-nio-8383-exec-2] INFO  o.a.c.c.C.[Tomcat].[localhost].[/] - Initializing Spring FrameworkServlet 'dispatcherServlet'
2016-12-30 16:59:59 [http-nio-8383-exec-2] INFO  o.s.web.servlet.DispatcherServlet - FrameworkServlet 'dispatcherServlet': initialization started
2016-12-30 17:00:00 [http-nio-8383-exec-2] INFO  o.s.web.servlet.DispatcherServlet - FrameworkServlet 'dispatcherServlet': initialization completed in 49 ms
