2016-12-26 17:05:17 [main] INFO  hss.Application - Starting Application on Foreveross-PC with PID 5816 (C:\Users\Foreveross\IdeaProjects\sihouzi\target\classes started by Foreveross in C:\Users\Foreveross\IdeaProjects\sihouzi)
2016-12-26 17:05:17 [main] INFO  hss.Application - The following profiles are active: prod
2016-12-26 17:05:17 [main] INFO  o.s.b.f.xml.XmlBeanDefinitionReader - Loading XML bean definitions from file [C:\Users\Foreveross\IdeaProjects\sihouzi\target\classes\spring\services.xml]
2016-12-26 17:05:18 [main] INFO  o.s.b.c.e.AnnotationConfigEmbeddedWebApplicationContext - Refreshing org.springframework.boot.context.embedded.AnnotationConfigEmbeddedWebApplicationContext@229d10bd: startup date [Mon Dec 26 17:05:18 CST 2016]; root of context hierarchy
2016-12-26 17:05:21 [main] INFO  o.s.c.s.PostProcessorRegistrationDelegate$BeanPostProcessorChecker - Bean 'org.springframework.transaction.annotation.ProxyTransactionManagementConfiguration' of type [class org.springframework.transaction.annotation.ProxyTransactionManagementConfiguration$$EnhancerBySpringCGLIB$$ecd05f89] is not eligible for getting processed by all BeanPostProcessors (for example: not eligible for auto-proxying)
2016-12-26 17:05:23 [main] INFO  o.s.b.c.e.t.TomcatEmbeddedServletContainer - Tomcat initialized with port(s): 8888 (http)
2016-12-26 17:05:23 [main] INFO  o.a.catalina.core.StandardService - Starting service Tomcat
2016-12-26 17:05:23 [main] INFO  o.a.catalina.core.StandardEngine - Starting Servlet Engine: Apache Tomcat/8.0.33
2016-12-26 17:05:24 [localhost-startStop-1] INFO  o.apache.jasper.servlet.TldScanner - At least one JAR was scanned for TLDs yet contained no TLDs. Enable debug logging for this logger for a complete list of JARs that were scanned but no TLDs were found in them. Skipping unneeded JARs during scanning can improve startup time and JSP compilation time.
2016-12-26 17:05:24 [localhost-startStop-1] INFO  o.a.c.c.C.[Tomcat].[localhost].[/] - Initializing Spring embedded WebApplicationContext
2016-12-26 17:05:24 [localhost-startStop-1] INFO  o.s.web.context.ContextLoader - Root WebApplicationContext: initialization completed in 5978 ms
2016-12-26 17:05:25 [localhost-startStop-1] INFO  o.s.b.c.e.ServletRegistrationBean - Mapping servlet: 'dispatcherServlet' to [/]
2016-12-26 17:05:25 [localhost-startStop-1] INFO  o.s.b.c.e.ServletRegistrationBean - Mapping servlet: 'dubbox-dispatcherServlet' to [/api/*]
2016-12-26 17:05:25 [localhost-startStop-1] INFO  o.s.b.c.e.ServletRegistrationBean - Mapping servlet: 'statViewServlet' to [/druid/*]
2016-12-26 17:05:25 [localhost-startStop-1] INFO  o.s.b.c.e.FilterRegistrationBean - Mapping filter: 'characterEncodingFilter' to: [/*]
2016-12-26 17:05:25 [localhost-startStop-1] INFO  o.s.b.c.e.FilterRegistrationBean - Mapping filter: 'hiddenHttpMethodFilter' to: [/*]
2016-12-26 17:05:25 [localhost-startStop-1] INFO  o.s.b.c.e.FilterRegistrationBean - Mapping filter: 'httpPutFormContentFilter' to: [/*]
2016-12-26 17:05:25 [localhost-startStop-1] INFO  o.s.b.c.e.FilterRegistrationBean - Mapping filter: 'requestContextFilter' to: [/*]
2016-12-26 17:05:25 [localhost-startStop-1] INFO  o.s.b.c.e.FilterRegistrationBean - Mapping filter: 'webStatFilter' to urls: [/*]
2016-12-26 17:05:25 [main] INFO  o.s.o.j.LocalContainerEntityManagerFactoryBean - Building JPA container EntityManagerFactory for persistence unit 'default'
2016-12-26 17:05:27 [main] INFO  c.a.druid.pool.DruidDataSource - {dataSource-1} inited
2016-12-26 17:05:29 [main] INFO  o.s.w.s.m.m.a.RequestMappingHandlerAdapter - Looking for @ControllerAdvice: org.springframework.boot.context.embedded.AnnotationConfigEmbeddedWebApplicationContext@229d10bd: startup date [Mon Dec 26 17:05:18 CST 2016]; root of context hierarchy
2016-12-26 17:05:29 [main] INFO  o.s.w.s.m.m.a.RequestMappingHandlerMapping - Mapped "{[/shop/hehe]}" onto public java.lang.String hss.service.rest.ShopRestServiceImpl.hehe()
2016-12-26 17:05:29 [main] INFO  o.s.w.s.m.m.a.RequestMappingHandlerMapping - Mapped "{[/shop/update/{id}],methods=[PUT]}" onto public com.foreveross.springboot.dubbo.utils.Payload hss.service.rest.ShopRestServiceImpl.updateShopById(java.lang.Integer,hss.domain.Shop)
2016-12-26 17:05:29 [main] INFO  o.s.w.s.m.m.a.RequestMappingHandlerMapping - Mapped "{[/shop/],methods=[GET]}" onto public com.foreveross.springboot.dubbo.utils.Payload hss.service.rest.ShopRestServiceImpl.getShopList()
2016-12-26 17:05:29 [main] INFO  o.s.w.s.m.m.a.RequestMappingHandlerMapping - Mapped "{[/shop/{id}],methods=[GET]}" onto public com.foreveross.springboot.dubbo.utils.Payload hss.service.rest.ShopRestServiceImpl.getShopById(java.lang.Integer)
2016-12-26 17:05:29 [main] INFO  o.s.w.s.m.m.a.RequestMappingHandlerMapping - Mapped "{[/shop/add],methods=[POST]}" onto public com.foreveross.springboot.dubbo.utils.Payload hss.service.rest.ShopRestServiceImpl.createShop(hss.domain.Shop)
2016-12-26 17:05:29 [main] INFO  o.s.w.s.m.m.a.RequestMappingHandlerMapping - Mapped "{[/shop/{id}],methods=[DELETE]}" onto public com.foreveross.springboot.dubbo.utils.Payload hss.service.rest.ShopRestServiceImpl.deleteShopById(java.lang.Integer)
2016-12-26 17:05:29 [main] INFO  o.s.w.s.m.m.a.RequestMappingHandlerMapping - Mapped "{[/users/hehe]}" onto public java.lang.String hss.service.rest.UserRestServiceImpl.hehe()
2016-12-26 17:05:29 [main] INFO  o.s.w.s.m.m.a.RequestMappingHandlerMapping - Mapped "{[/users/add],methods=[POST]}" onto public com.foreveross.springboot.dubbo.utils.Payload hss.service.rest.UserRestServiceImpl.createUser(hss.domain.User)
2016-12-26 17:05:29 [main] INFO  o.s.w.s.m.m.a.RequestMappingHandlerMapping - Mapped "{[/users/{id}],methods=[GET]}" onto public com.foreveross.springboot.dubbo.utils.Payload hss.service.rest.UserRestServiceImpl.getUserById(java.lang.Integer)
2016-12-26 17:05:29 [main] INFO  o.s.w.s.m.m.a.RequestMappingHandlerMapping - Mapped "{[/users/update/{id}],methods=[PUT]}" onto public com.foreveross.springboot.dubbo.utils.Payload hss.service.rest.UserRestServiceImpl.updateUserById(java.lang.Integer,hss.domain.User)
2016-12-26 17:05:29 [main] INFO  o.s.w.s.m.m.a.RequestMappingHandlerMapping - Mapped "{[/users/],methods=[GET]}" onto public com.foreveross.springboot.dubbo.utils.Payload hss.service.rest.UserRestServiceImpl.getUserList()
2016-12-26 17:05:29 [main] INFO  o.s.w.s.m.m.a.RequestMappingHandlerMapping - Mapped "{[/users/{id}],methods=[DELETE]}" onto public com.foreveross.springboot.dubbo.utils.Payload hss.service.rest.UserRestServiceImpl.deleteUserById(java.lang.Integer)
2016-12-26 17:05:29 [main] INFO  o.s.w.s.m.m.a.RequestMappingHandlerMapping - Mapped "{[/error]}" onto public org.springframework.http.ResponseEntity<java.util.Map<java.lang.String, java.lang.Object>> org.springframework.boot.autoconfigure.web.BasicErrorController.error(javax.servlet.http.HttpServletRequest)
2016-12-26 17:05:29 [main] INFO  o.s.w.s.m.m.a.RequestMappingHandlerMapping - Mapped "{[/error],produces=[text/html]}" onto public org.springframework.web.servlet.ModelAndView org.springframework.boot.autoconfigure.web.BasicErrorController.errorHtml(javax.servlet.http.HttpServletRequest,javax.servlet.http.HttpServletResponse)
2016-12-26 17:05:29 [main] INFO  o.s.w.s.c.a.WebMvcConfigurerAdapter - Adding welcome page: ServletContext resource [/index.html]
2016-12-26 17:05:29 [main] INFO  o.s.w.s.h.SimpleUrlHandlerMapping - Root mapping to handler of type [class org.springframework.web.servlet.mvc.ParameterizableViewController]
2016-12-26 17:05:29 [main] INFO  o.s.w.s.h.SimpleUrlHandlerMapping - Mapped URL path [/webjars/**] onto handler of type [class org.springframework.web.servlet.resource.ResourceHttpRequestHandler]
2016-12-26 17:05:29 [main] INFO  o.s.w.s.h.SimpleUrlHandlerMapping - Mapped URL path [/**] onto handler of type [class org.springframework.web.servlet.resource.ResourceHttpRequestHandler]
2016-12-26 17:05:30 [main] INFO  o.s.w.s.h.SimpleUrlHandlerMapping - Mapped URL path [/**/favicon.ico] onto handler of type [class org.springframework.web.servlet.resource.ResourceHttpRequestHandler]
2016-12-26 17:05:30 [main] WARN  o.s.b.f.a.AutowiredAnnotationBeanPostProcessor - Autowired annotation is not supported on static fields: private static java.lang.String com.foreveross.springboot.dubbo.autoconfigure.JsonDateSerializer.DATE_DEFAULT_PATTERN
2016-12-26 17:05:30 [main] INFO  o.s.j.e.a.AnnotationMBeanExporter - Registering beans for JMX exposure on startup
2016-12-26 17:05:30 [main] INFO  o.s.j.e.a.AnnotationMBeanExporter - Bean with name 'druidDataSource' has been autodetected for JMX exposure
2016-12-26 17:05:30 [main] INFO  o.s.j.e.a.AnnotationMBeanExporter - Located MBean 'druidDataSource': registering with JMX server as MBean [com.alibaba.druid.pool:name=druidDataSource,type=DruidDataSource]
2016-12-26 17:05:30 [main] INFO  o.s.b.c.e.t.TomcatEmbeddedServletContainer - Tomcat started on port(s): 8888 (http)
2016-12-26 17:05:30 [main] INFO  hss.Application - Started Application in 14.699 seconds (JVM running for 16.786)
2016-12-26 17:06:05 [http-nio-8888-exec-1] INFO  o.a.c.c.C.[Tomcat].[localhost].[/] - Initializing Spring FrameworkServlet 'dispatcherServlet'
2016-12-26 17:06:05 [http-nio-8888-exec-1] INFO  o.s.web.servlet.DispatcherServlet - FrameworkServlet 'dispatcherServlet': initialization started
2016-12-26 17:06:05 [http-nio-8888-exec-1] INFO  o.s.web.servlet.DispatcherServlet - FrameworkServlet 'dispatcherServlet': initialization completed in 37 ms
2016-12-26 17:14:57 [main] INFO  hss.Application - Starting Application on Foreveross-PC with PID 1804 (C:\Users\Foreveross\IdeaProjects\sihouzi\target\classes started by Foreveross in C:\Users\Foreveross\IdeaProjects\sihouzi)
2016-12-26 17:14:57 [main] INFO  hss.Application - The following profiles are active: prod
2016-12-26 17:14:57 [main] INFO  o.s.b.f.xml.XmlBeanDefinitionReader - Loading XML bean definitions from file [C:\Users\Foreveross\IdeaProjects\sihouzi\target\classes\spring\services.xml]
2016-12-26 17:14:57 [main] INFO  o.s.b.c.e.AnnotationConfigEmbeddedWebApplicationContext - Refreshing org.springframework.boot.context.embedded.AnnotationConfigEmbeddedWebApplicationContext@229d10bd: startup date [Mon Dec 26 17:14:57 CST 2016]; root of context hierarchy
2016-12-26 17:15:00 [main] INFO  o.s.c.s.PostProcessorRegistrationDelegate$BeanPostProcessorChecker - Bean 'org.springframework.transaction.annotation.ProxyTransactionManagementConfiguration' of type [class org.springframework.transaction.annotation.ProxyTransactionManagementConfiguration$$EnhancerBySpringCGLIB$$8bef727] is not eligible for getting processed by all BeanPostProcessors (for example: not eligible for auto-proxying)
2016-12-26 17:15:02 [main] INFO  o.s.b.c.e.t.TomcatEmbeddedServletContainer - Tomcat initialized with port(s): 8888 (http)
2016-12-26 17:15:02 [main] INFO  o.a.catalina.core.StandardService - Starting service Tomcat
2016-12-26 17:15:02 [main] INFO  o.a.catalina.core.StandardEngine - Starting Servlet Engine: Apache Tomcat/8.0.33
2016-12-26 17:15:03 [localhost-startStop-1] INFO  o.apache.jasper.servlet.TldScanner - At least one JAR was scanned for TLDs yet contained no TLDs. Enable debug logging for this logger for a complete list of JARs that were scanned but no TLDs were found in them. Skipping unneeded JARs during scanning can improve startup time and JSP compilation time.
2016-12-26 17:15:03 [localhost-startStop-1] INFO  o.a.c.c.C.[Tomcat].[localhost].[/] - Initializing Spring embedded WebApplicationContext
2016-12-26 17:15:03 [localhost-startStop-1] INFO  o.s.web.context.ContextLoader - Root WebApplicationContext: initialization completed in 5545 ms
2016-12-26 17:15:03 [localhost-startStop-1] INFO  o.s.b.c.e.ServletRegistrationBean - Mapping servlet: 'dispatcherServlet' to [/]
2016-12-26 17:15:03 [localhost-startStop-1] INFO  o.s.b.c.e.ServletRegistrationBean - Mapping servlet: 'dubbox-dispatcherServlet' to [/api/*]
2016-12-26 17:15:03 [localhost-startStop-1] INFO  o.s.b.c.e.ServletRegistrationBean - Mapping servlet: 'statViewServlet' to [/druid/*]
2016-12-26 17:15:03 [localhost-startStop-1] INFO  o.s.b.c.e.FilterRegistrationBean - Mapping filter: 'characterEncodingFilter' to: [/*]
2016-12-26 17:15:03 [localhost-startStop-1] INFO  o.s.b.c.e.FilterRegistrationBean - Mapping filter: 'hiddenHttpMethodFilter' to: [/*]
2016-12-26 17:15:03 [localhost-startStop-1] INFO  o.s.b.c.e.FilterRegistrationBean - Mapping filter: 'httpPutFormContentFilter' to: [/*]
2016-12-26 17:15:03 [localhost-startStop-1] INFO  o.s.b.c.e.FilterRegistrationBean - Mapping filter: 'requestContextFilter' to: [/*]
2016-12-26 17:15:03 [localhost-startStop-1] INFO  o.s.b.c.e.FilterRegistrationBean - Mapping filter: 'webStatFilter' to urls: [/*]
2016-12-26 17:15:04 [main] INFO  o.s.o.j.LocalContainerEntityManagerFactoryBean - Building JPA container EntityManagerFactory for persistence unit 'default'
2016-12-26 17:15:05 [main] INFO  c.a.druid.pool.DruidDataSource - {dataSource-1} inited
2016-12-26 17:15:07 [main] INFO  o.s.w.s.m.m.a.RequestMappingHandlerAdapter - Looking for @ControllerAdvice: org.springframework.boot.context.embedded.AnnotationConfigEmbeddedWebApplicationContext@229d10bd: startup date [Mon Dec 26 17:14:57 CST 2016]; root of context hierarchy
2016-12-26 17:15:07 [main] INFO  o.s.w.s.m.m.a.RequestMappingHandlerMapping - Mapped "{[/hehe]}" onto public java.lang.String hss.service.rest.ShopRestServiceImpl.hehe()
2016-12-26 17:15:07 [main] INFO  o.s.w.s.m.m.a.RequestMappingHandlerMapping - Mapped "{[/update/{id}],methods=[PUT]}" onto public com.foreveross.springboot.dubbo.utils.Payload hss.service.rest.ShopRestServiceImpl.updateShopById(java.lang.Integer,hss.domain.Shop)
2016-12-26 17:15:07 [main] INFO  o.s.w.s.m.m.a.RequestMappingHandlerMapping - Mapped "{[/],methods=[GET]}" onto public com.foreveross.springboot.dubbo.utils.Payload hss.service.rest.ShopRestServiceImpl.getShopList()
2016-12-26 17:15:07 [main] INFO  o.s.w.s.m.m.a.RequestMappingHandlerMapping - Mapped "{[/{id}],methods=[GET]}" onto public com.foreveross.springboot.dubbo.utils.Payload hss.service.rest.ShopRestServiceImpl.getShopById(java.lang.Integer)
2016-12-26 17:15:07 [main] INFO  o.s.w.s.m.m.a.RequestMappingHandlerMapping - Mapped "{[/add],methods=[POST]}" onto public com.foreveross.springboot.dubbo.utils.Payload hss.service.rest.ShopRestServiceImpl.createShop(hss.domain.Shop)
2016-12-26 17:15:07 [main] INFO  o.s.w.s.m.m.a.RequestMappingHandlerMapping - Mapped "{[/{id}],methods=[DELETE]}" onto public com.foreveross.springboot.dubbo.utils.Payload hss.service.rest.ShopRestServiceImpl.deleteShopById(java.lang.Integer)
2016-12-26 17:15:07 [main] INFO  o.s.w.s.m.m.a.RequestMappingHandlerMapping - Mapped "{[/error]}" onto public org.springframework.http.ResponseEntity<java.util.Map<java.lang.String, java.lang.Object>> org.springframework.boot.autoconfigure.web.BasicErrorController.error(javax.servlet.http.HttpServletRequest)
2016-12-26 17:15:07 [main] INFO  o.s.w.s.m.m.a.RequestMappingHandlerMapping - Mapped "{[/error],produces=[text/html]}" onto public org.springframework.web.servlet.ModelAndView org.springframework.boot.autoconfigure.web.BasicErrorController.errorHtml(javax.servlet.http.HttpServletRequest,javax.servlet.http.HttpServletResponse)
2016-12-26 17:15:07 [main] INFO  o.s.w.s.c.a.WebMvcConfigurerAdapter - Adding welcome page: ServletContext resource [/index.html]
2016-12-26 17:15:07 [main] INFO  o.s.w.s.h.SimpleUrlHandlerMapping - Root mapping to handler of type [class org.springframework.web.servlet.mvc.ParameterizableViewController]
2016-12-26 17:15:07 [main] INFO  o.s.w.s.h.SimpleUrlHandlerMapping - Mapped URL path [/webjars/**] onto handler of type [class org.springframework.web.servlet.resource.ResourceHttpRequestHandler]
2016-12-26 17:15:07 [main] INFO  o.s.w.s.h.SimpleUrlHandlerMapping - Mapped URL path [/**] onto handler of type [class org.springframework.web.servlet.resource.ResourceHttpRequestHandler]
2016-12-26 17:15:07 [main] INFO  o.s.w.s.h.SimpleUrlHandlerMapping - Mapped URL path [/**/favicon.ico] onto handler of type [class org.springframework.web.servlet.resource.ResourceHttpRequestHandler]
2016-12-26 17:15:07 [main] WARN  o.s.b.f.a.AutowiredAnnotationBeanPostProcessor - Autowired annotation is not supported on static fields: private static java.lang.String com.foreveross.springboot.dubbo.autoconfigure.JsonDateSerializer.DATE_DEFAULT_PATTERN
2016-12-26 17:15:07 [main] INFO  o.s.j.e.a.AnnotationMBeanExporter - Registering beans for JMX exposure on startup
2016-12-26 17:15:07 [main] INFO  o.s.j.e.a.AnnotationMBeanExporter - Bean with name 'druidDataSource' has been autodetected for JMX exposure
2016-12-26 17:15:07 [main] INFO  o.s.j.e.a.AnnotationMBeanExporter - Located MBean 'druidDataSource': registering with JMX server as MBean [com.alibaba.druid.pool:name=druidDataSource,type=DruidDataSource]
2016-12-26 17:15:08 [main] INFO  o.s.b.c.e.t.TomcatEmbeddedServletContainer - Tomcat started on port(s): 8888 (http)
2016-12-26 17:15:08 [main] INFO  hss.Application - Started Application in 11.528 seconds (JVM running for 12.259)
2016-12-26 17:15:15 [http-nio-8888-exec-1] INFO  o.a.c.c.C.[Tomcat].[localhost].[/] - Initializing Spring FrameworkServlet 'dispatcherServlet'
2016-12-26 17:15:15 [http-nio-8888-exec-1] INFO  o.s.web.servlet.DispatcherServlet - FrameworkServlet 'dispatcherServlet': initialization started
2016-12-26 17:15:15 [http-nio-8888-exec-1] INFO  o.s.web.servlet.DispatcherServlet - FrameworkServlet 'dispatcherServlet': initialization completed in 28 ms
2016-12-26 17:16:06 [main] INFO  hss.Application - Starting Application on Foreveross-PC with PID 8000 (C:\Users\Foreveross\IdeaProjects\sihouzi\target\classes started by Foreveross in C:\Users\Foreveross\IdeaProjects\sihouzi)
2016-12-26 17:16:06 [main] INFO  hss.Application - The following profiles are active: prod
2016-12-26 17:16:06 [main] INFO  o.s.b.f.xml.XmlBeanDefinitionReader - Loading XML bean definitions from file [C:\Users\Foreveross\IdeaProjects\sihouzi\target\classes\spring\services.xml]
2016-12-26 17:16:06 [main] INFO  o.s.b.c.e.AnnotationConfigEmbeddedWebApplicationContext - Refreshing org.springframework.boot.context.embedded.AnnotationConfigEmbeddedWebApplicationContext@229d10bd: startup date [Mon Dec 26 17:16:06 CST 2016]; root of context hierarchy
2016-12-26 17:16:09 [main] INFO  o.s.c.s.PostProcessorRegistrationDelegate$BeanPostProcessorChecker - Bean 'org.springframework.transaction.annotation.ProxyTransactionManagementConfiguration' of type [class org.springframework.transaction.annotation.ProxyTransactionManagementConfiguration$$EnhancerBySpringCGLIB$$e15df613] is not eligible for getting processed by all BeanPostProcessors (for example: not eligible for auto-proxying)
2016-12-26 17:16:10 [main] INFO  o.s.b.c.e.t.TomcatEmbeddedServletContainer - Tomcat initialized with port(s): 8888 (http)
2016-12-26 17:16:10 [main] INFO  o.a.catalina.core.StandardService - Starting service Tomcat
2016-12-26 17:16:10 [main] INFO  o.a.catalina.core.StandardEngine - Starting Servlet Engine: Apache Tomcat/8.0.33
2016-12-26 17:16:11 [localhost-startStop-1] INFO  o.apache.jasper.servlet.TldScanner - At least one JAR was scanned for TLDs yet contained no TLDs. Enable debug logging for this logger for a complete list of JARs that were scanned but no TLDs were found in them. Skipping unneeded JARs during scanning can improve startup time and JSP compilation time.
2016-12-26 17:16:11 [localhost-startStop-1] INFO  o.a.c.c.C.[Tomcat].[localhost].[/] - Initializing Spring embedded WebApplicationContext
2016-12-26 17:16:11 [localhost-startStop-1] INFO  o.s.web.context.ContextLoader - Root WebApplicationContext: initialization completed in 5218 ms
2016-12-26 17:16:12 [localhost-startStop-1] INFO  o.s.b.c.e.ServletRegistrationBean - Mapping servlet: 'dispatcherServlet' to [/]
2016-12-26 17:16:12 [localhost-startStop-1] INFO  o.s.b.c.e.ServletRegistrationBean - Mapping servlet: 'dubbox-dispatcherServlet' to [/api/*]
2016-12-26 17:16:12 [localhost-startStop-1] INFO  o.s.b.c.e.ServletRegistrationBean - Mapping servlet: 'statViewServlet' to [/druid/*]
2016-12-26 17:16:12 [localhost-startStop-1] INFO  o.s.b.c.e.FilterRegistrationBean - Mapping filter: 'characterEncodingFilter' to: [/*]
2016-12-26 17:16:12 [localhost-startStop-1] INFO  o.s.b.c.e.FilterRegistrationBean - Mapping filter: 'hiddenHttpMethodFilter' to: [/*]
2016-12-26 17:16:12 [localhost-startStop-1] INFO  o.s.b.c.e.FilterRegistrationBean - Mapping filter: 'httpPutFormContentFilter' to: [/*]
2016-12-26 17:16:12 [localhost-startStop-1] INFO  o.s.b.c.e.FilterRegistrationBean - Mapping filter: 'requestContextFilter' to: [/*]
2016-12-26 17:16:12 [localhost-startStop-1] INFO  o.s.b.c.e.FilterRegistrationBean - Mapping filter: 'webStatFilter' to urls: [/*]
2016-12-26 17:16:12 [main] INFO  o.s.o.j.LocalContainerEntityManagerFactoryBean - Building JPA container EntityManagerFactory for persistence unit 'default'
2016-12-26 17:16:13 [main] INFO  c.a.druid.pool.DruidDataSource - {dataSource-1} inited
2016-12-26 17:16:15 [main] INFO  o.s.w.s.m.m.a.RequestMappingHandlerAdapter - Looking for @ControllerAdvice: org.springframework.boot.context.embedded.AnnotationConfigEmbeddedWebApplicationContext@229d10bd: startup date [Mon Dec 26 17:16:06 CST 2016]; root of context hierarchy
2016-12-26 17:16:16 [main] INFO  o.s.w.s.m.m.a.RequestMappingHandlerMapping - Mapped "{[/update/{id}],methods=[PUT]}" onto public com.foreveross.springboot.dubbo.utils.Payload hss.service.rest.ShopRestServiceImpl.updateShopById(java.lang.Integer,hss.domain.Shop)
2016-12-26 17:16:16 [main] INFO  o.s.w.s.m.m.a.RequestMappingHandlerMapping - Mapped "{[/],methods=[GET]}" onto public com.foreveross.springboot.dubbo.utils.Payload hss.service.rest.ShopRestServiceImpl.getShopList()
2016-12-26 17:16:16 [main] INFO  o.s.w.s.m.m.a.RequestMappingHandlerMapping - Mapped "{[/{id}],methods=[GET]}" onto public com.foreveross.springboot.dubbo.utils.Payload hss.service.rest.ShopRestServiceImpl.getShopById(java.lang.Integer)
2016-12-26 17:16:16 [main] INFO  o.s.w.s.m.m.a.RequestMappingHandlerMapping - Mapped "{[/add],methods=[POST]}" onto public com.foreveross.springboot.dubbo.utils.Payload hss.service.rest.ShopRestServiceImpl.createShop(hss.domain.Shop)
2016-12-26 17:16:16 [main] INFO  o.s.w.s.m.m.a.RequestMappingHandlerMapping - Mapped "{[/{id}],methods=[DELETE]}" onto public com.foreveross.springboot.dubbo.utils.Payload hss.service.rest.ShopRestServiceImpl.deleteShopById(java.lang.Integer)
2016-12-26 17:16:16 [main] INFO  o.s.w.s.m.m.a.RequestMappingHandlerMapping - Mapped "{[/error]}" onto public org.springframework.http.ResponseEntity<java.util.Map<java.lang.String, java.lang.Object>> org.springframework.boot.autoconfigure.web.BasicErrorController.error(javax.servlet.http.HttpServletRequest)
2016-12-26 17:16:16 [main] INFO  o.s.w.s.m.m.a.RequestMappingHandlerMapping - Mapped "{[/error],produces=[text/html]}" onto public org.springframework.web.servlet.ModelAndView org.springframework.boot.autoconfigure.web.BasicErrorController.errorHtml(javax.servlet.http.HttpServletRequest,javax.servlet.http.HttpServletResponse)
2016-12-26 17:16:16 [main] INFO  o.s.w.s.c.a.WebMvcConfigurerAdapter - Adding welcome page: ServletContext resource [/index.html]
2016-12-26 17:16:16 [main] INFO  o.s.w.s.h.SimpleUrlHandlerMapping - Root mapping to handler of type [class org.springframework.web.servlet.mvc.ParameterizableViewController]
2016-12-26 17:16:16 [main] INFO  o.s.w.s.h.SimpleUrlHandlerMapping - Mapped URL path [/webjars/**] onto handler of type [class org.springframework.web.servlet.resource.ResourceHttpRequestHandler]
2016-12-26 17:16:16 [main] INFO  o.s.w.s.h.SimpleUrlHandlerMapping - Mapped URL path [/**] onto handler of type [class org.springframework.web.servlet.resource.ResourceHttpRequestHandler]
2016-12-26 17:16:16 [main] INFO  o.s.w.s.h.SimpleUrlHandlerMapping - Mapped URL path [/**/favicon.ico] onto handler of type [class org.springframework.web.servlet.resource.ResourceHttpRequestHandler]
2016-12-26 17:16:16 [main] WARN  o.s.b.f.a.AutowiredAnnotationBeanPostProcessor - Autowired annotation is not supported on static fields: private static java.lang.String com.foreveross.springboot.dubbo.autoconfigure.JsonDateSerializer.DATE_DEFAULT_PATTERN
2016-12-26 17:16:16 [main] INFO  o.s.j.e.a.AnnotationMBeanExporter - Registering beans for JMX exposure on startup
2016-12-26 17:16:16 [main] INFO  o.s.j.e.a.AnnotationMBeanExporter - Bean with name 'druidDataSource' has been autodetected for JMX exposure
2016-12-26 17:16:16 [main] INFO  o.s.j.e.a.AnnotationMBeanExporter - Located MBean 'druidDataSource': registering with JMX server as MBean [com.alibaba.druid.pool:name=druidDataSource,type=DruidDataSource]
2016-12-26 17:16:16 [main] INFO  o.s.b.c.e.t.TomcatEmbeddedServletContainer - Tomcat started on port(s): 8888 (http)
2016-12-26 17:16:16 [main] INFO  hss.Application - Started Application in 11.856 seconds (JVM running for 13.108)
2016-12-26 17:16:20 [http-nio-8888-exec-1] INFO  o.a.c.c.C.[Tomcat].[localhost].[/] - Initializing Spring FrameworkServlet 'dispatcherServlet'
2016-12-26 17:16:20 [http-nio-8888-exec-1] INFO  o.s.web.servlet.DispatcherServlet - FrameworkServlet 'dispatcherServlet': initialization started
2016-12-26 17:16:20 [http-nio-8888-exec-1] INFO  o.s.web.servlet.DispatcherServlet - FrameworkServlet 'dispatcherServlet': initialization completed in 30 ms
2016-12-26 17:16:58 [main] INFO  hss.Application - Starting Application on Foreveross-PC with PID 2120 (C:\Users\Foreveross\IdeaProjects\sihouzi\target\classes started by Foreveross in C:\Users\Foreveross\IdeaProjects\sihouzi)
2016-12-26 17:16:58 [main] INFO  hss.Application - The following profiles are active: prod
2016-12-26 17:16:58 [main] INFO  o.s.b.f.xml.XmlBeanDefinitionReader - Loading XML bean definitions from file [C:\Users\Foreveross\IdeaProjects\sihouzi\target\classes\spring\services.xml]
2016-12-26 17:16:59 [main] INFO  o.s.b.c.e.AnnotationConfigEmbeddedWebApplicationContext - Refreshing org.springframework.boot.context.embedded.AnnotationConfigEmbeddedWebApplicationContext@229d10bd: startup date [Mon Dec 26 17:16:59 CST 2016]; root of context hierarchy
2016-12-26 17:17:02 [main] INFO  o.s.c.s.PostProcessorRegistrationDelegate$BeanPostProcessorChecker - Bean 'org.springframework.transaction.annotation.ProxyTransactionManagementConfiguration' of type [class org.springframework.transaction.annotation.ProxyTransactionManagementConfiguration$$EnhancerBySpringCGLIB$$b0185115] is not eligible for getting processed by all BeanPostProcessors (for example: not eligible for auto-proxying)
2016-12-26 17:17:03 [main] INFO  o.s.b.c.e.t.TomcatEmbeddedServletContainer - Tomcat initialized with port(s): 8888 (http)
2016-12-26 17:17:03 [main] INFO  o.a.catalina.core.StandardService - Starting service Tomcat
2016-12-26 17:17:03 [main] INFO  o.a.catalina.core.StandardEngine - Starting Servlet Engine: Apache Tomcat/8.0.33
2016-12-26 17:17:04 [localhost-startStop-1] INFO  o.apache.jasper.servlet.TldScanner - At least one JAR was scanned for TLDs yet contained no TLDs. Enable debug logging for this logger for a complete list of JARs that were scanned but no TLDs were found in them. Skipping unneeded JARs during scanning can improve startup time and JSP compilation time.
2016-12-26 17:17:04 [localhost-startStop-1] INFO  o.a.c.c.C.[Tomcat].[localhost].[/] - Initializing Spring embedded WebApplicationContext
2016-12-26 17:17:04 [localhost-startStop-1] INFO  o.s.web.context.ContextLoader - Root WebApplicationContext: initialization completed in 5175 ms
2016-12-26 17:17:05 [localhost-startStop-1] INFO  o.s.b.c.e.ServletRegistrationBean - Mapping servlet: 'dispatcherServlet' to [/]
2016-12-26 17:17:05 [localhost-startStop-1] INFO  o.s.b.c.e.ServletRegistrationBean - Mapping servlet: 'dubbox-dispatcherServlet' to [/api/*]
2016-12-26 17:17:05 [localhost-startStop-1] INFO  o.s.b.c.e.ServletRegistrationBean - Mapping servlet: 'statViewServlet' to [/druid/*]
2016-12-26 17:17:05 [localhost-startStop-1] INFO  o.s.b.c.e.FilterRegistrationBean - Mapping filter: 'characterEncodingFilter' to: [/*]
2016-12-26 17:17:05 [localhost-startStop-1] INFO  o.s.b.c.e.FilterRegistrationBean - Mapping filter: 'hiddenHttpMethodFilter' to: [/*]
2016-12-26 17:17:05 [localhost-startStop-1] INFO  o.s.b.c.e.FilterRegistrationBean - Mapping filter: 'httpPutFormContentFilter' to: [/*]
2016-12-26 17:17:05 [localhost-startStop-1] INFO  o.s.b.c.e.FilterRegistrationBean - Mapping filter: 'requestContextFilter' to: [/*]
2016-12-26 17:17:05 [localhost-startStop-1] INFO  o.s.b.c.e.FilterRegistrationBean - Mapping filter: 'webStatFilter' to urls: [/*]
2016-12-26 17:17:05 [main] INFO  o.s.o.j.LocalContainerEntityManagerFactoryBean - Building JPA container EntityManagerFactory for persistence unit 'default'
2016-12-26 17:17:06 [main] INFO  c.a.druid.pool.DruidDataSource - {dataSource-1} inited
2016-12-26 17:17:09 [main] INFO  o.s.w.s.m.m.a.RequestMappingHandlerAdapter - Looking for @ControllerAdvice: org.springframework.boot.context.embedded.AnnotationConfigEmbeddedWebApplicationContext@229d10bd: startup date [Mon Dec 26 17:16:59 CST 2016]; root of context hierarchy
2016-12-26 17:17:09 [main] INFO  o.s.w.s.m.m.a.RequestMappingHandlerMapping - Mapped "{[/update/{id}],methods=[PUT]}" onto public com.foreveross.springboot.dubbo.utils.Payload hss.service.rest.ShopRestServiceImpl.updateShopById(java.lang.Integer,hss.domain.Shop)
2016-12-26 17:17:09 [main] INFO  o.s.w.s.m.m.a.RequestMappingHandlerMapping - Mapped "{[/],methods=[GET]}" onto public com.foreveross.springboot.dubbo.utils.Payload hss.service.rest.ShopRestServiceImpl.getShopList()
2016-12-26 17:17:09 [main] INFO  o.s.w.s.m.m.a.RequestMappingHandlerMapping - Mapped "{[/{id}],methods=[GET]}" onto public com.foreveross.springboot.dubbo.utils.Payload hss.service.rest.ShopRestServiceImpl.getShopById(java.lang.Integer)
2016-12-26 17:17:09 [main] INFO  o.s.w.s.m.m.a.RequestMappingHandlerMapping - Mapped "{[/add],methods=[POST]}" onto public com.foreveross.springboot.dubbo.utils.Payload hss.service.rest.ShopRestServiceImpl.createShop(hss.domain.Shop)
2016-12-26 17:17:09 [main] INFO  o.s.w.s.m.m.a.RequestMappingHandlerMapping - Mapped "{[/{id}],methods=[DELETE]}" onto public com.foreveross.springboot.dubbo.utils.Payload hss.service.rest.ShopRestServiceImpl.deleteShopById(java.lang.Integer)
2016-12-26 17:17:09 [main] INFO  o.s.w.s.m.m.a.RequestMappingHandlerMapping - Mapped "{[/error]}" onto public org.springframework.http.ResponseEntity<java.util.Map<java.lang.String, java.lang.Object>> org.springframework.boot.autoconfigure.web.BasicErrorController.error(javax.servlet.http.HttpServletRequest)
2016-12-26 17:17:09 [main] INFO  o.s.w.s.m.m.a.RequestMappingHandlerMapping - Mapped "{[/error],produces=[text/html]}" onto public org.springframework.web.servlet.ModelAndView org.springframework.boot.autoconfigure.web.BasicErrorController.errorHtml(javax.servlet.http.HttpServletRequest,javax.servlet.http.HttpServletResponse)
2016-12-26 17:17:09 [main] INFO  o.s.w.s.c.a.WebMvcConfigurerAdapter - Adding welcome page: ServletContext resource [/index.html]
2016-12-26 17:17:09 [main] INFO  o.s.w.s.h.SimpleUrlHandlerMapping - Root mapping to handler of type [class org.springframework.web.servlet.mvc.ParameterizableViewController]
2016-12-26 17:17:09 [main] INFO  o.s.w.s.h.SimpleUrlHandlerMapping - Mapped URL path [/webjars/**] onto handler of type [class org.springframework.web.servlet.resource.ResourceHttpRequestHandler]
2016-12-26 17:17:09 [main] INFO  o.s.w.s.h.SimpleUrlHandlerMapping - Mapped URL path [/**] onto handler of type [class org.springframework.web.servlet.resource.ResourceHttpRequestHandler]
2016-12-26 17:17:09 [main] INFO  o.s.w.s.h.SimpleUrlHandlerMapping - Mapped URL path [/**/favicon.ico] onto handler of type [class org.springframework.web.servlet.resource.ResourceHttpRequestHandler]
2016-12-26 17:17:09 [main] WARN  o.s.b.f.a.AutowiredAnnotationBeanPostProcessor - Autowired annotation is not supported on static fields: private static java.lang.String com.foreveross.springboot.dubbo.autoconfigure.JsonDateSerializer.DATE_DEFAULT_PATTERN
2016-12-26 17:17:09 [main] INFO  o.s.j.e.a.AnnotationMBeanExporter - Registering beans for JMX exposure on startup
2016-12-26 17:17:09 [main] INFO  o.s.j.e.a.AnnotationMBeanExporter - Bean with name 'druidDataSource' has been autodetected for JMX exposure
2016-12-26 17:17:09 [main] INFO  o.s.j.e.a.AnnotationMBeanExporter - Located MBean 'druidDataSource': registering with JMX server as MBean [com.alibaba.druid.pool:name=druidDataSource,type=DruidDataSource]
2016-12-26 17:17:09 [main] INFO  o.s.b.c.e.t.TomcatEmbeddedServletContainer - Tomcat started on port(s): 8888 (http)
2016-12-26 17:17:09 [main] INFO  hss.Application - Started Application in 12.436 seconds (JVM running for 13.262)
2016-12-26 17:17:13 [http-nio-8888-exec-1] INFO  o.a.c.c.C.[Tomcat].[localhost].[/] - Initializing Spring FrameworkServlet 'dispatcherServlet'
2016-12-26 17:17:13 [http-nio-8888-exec-1] INFO  o.s.web.servlet.DispatcherServlet - FrameworkServlet 'dispatcherServlet': initialization started
2016-12-26 17:17:13 [http-nio-8888-exec-1] INFO  o.s.web.servlet.DispatcherServlet - FrameworkServlet 'dispatcherServlet': initialization completed in 24 ms
2016-12-26 17:23:05 [main] INFO  hss.Application - Starting Application on Foreveross-PC with PID 3076 (C:\Users\Foreveross\IdeaProjects\sihouzi\target\classes started by Foreveross in C:\Users\Foreveross\IdeaProjects\sihouzi)
2016-12-26 17:23:05 [main] INFO  hss.Application - The following profiles are active: prod
2016-12-26 17:23:05 [main] INFO  o.s.b.f.xml.XmlBeanDefinitionReader - Loading XML bean definitions from file [C:\Users\Foreveross\IdeaProjects\sihouzi\target\classes\spring\services.xml]
2016-12-26 17:23:06 [main] INFO  o.s.b.c.e.AnnotationConfigEmbeddedWebApplicationContext - Refreshing org.springframework.boot.context.embedded.AnnotationConfigEmbeddedWebApplicationContext@229d10bd: startup date [Mon Dec 26 17:23:06 CST 2016]; root of context hierarchy
2016-12-26 17:23:09 [main] INFO  o.s.c.s.PostProcessorRegistrationDelegate$BeanPostProcessorChecker - Bean 'org.springframework.transaction.annotation.ProxyTransactionManagementConfiguration' of type [class org.springframework.transaction.annotation.ProxyTransactionManagementConfiguration$$EnhancerBySpringCGLIB$$5e8583d9] is not eligible for getting processed by all BeanPostProcessors (for example: not eligible for auto-proxying)
2016-12-26 17:23:10 [main] INFO  o.s.b.c.e.t.TomcatEmbeddedServletContainer - Tomcat initialized with port(s): 8888 (http)
2016-12-26 17:23:10 [main] INFO  o.a.catalina.core.StandardService - Starting service Tomcat
2016-12-26 17:23:10 [main] INFO  o.a.catalina.core.StandardEngine - Starting Servlet Engine: Apache Tomcat/8.0.33
2016-12-26 17:23:11 [localhost-startStop-1] INFO  o.apache.jasper.servlet.TldScanner - At least one JAR was scanned for TLDs yet contained no TLDs. Enable debug logging for this logger for a complete list of JARs that were scanned but no TLDs were found in them. Skipping unneeded JARs during scanning can improve startup time and JSP compilation time.
2016-12-26 17:23:11 [localhost-startStop-1] INFO  o.a.c.c.C.[Tomcat].[localhost].[/] - Initializing Spring embedded WebApplicationContext
2016-12-26 17:23:11 [localhost-startStop-1] INFO  o.s.web.context.ContextLoader - Root WebApplicationContext: initialization completed in 5791 ms
2016-12-26 17:23:12 [localhost-startStop-1] INFO  o.s.b.c.e.ServletRegistrationBean - Mapping servlet: 'dispatcherServlet' to [/]
2016-12-26 17:23:12 [localhost-startStop-1] INFO  o.s.b.c.e.ServletRegistrationBean - Mapping servlet: 'dubbox-dispatcherServlet' to [/api/*]
2016-12-26 17:23:12 [localhost-startStop-1] INFO  o.s.b.c.e.ServletRegistrationBean - Mapping servlet: 'statViewServlet' to [/druid/*]
2016-12-26 17:23:12 [localhost-startStop-1] INFO  o.s.b.c.e.FilterRegistrationBean - Mapping filter: 'characterEncodingFilter' to: [/*]
2016-12-26 17:23:12 [localhost-startStop-1] INFO  o.s.b.c.e.FilterRegistrationBean - Mapping filter: 'hiddenHttpMethodFilter' to: [/*]
2016-12-26 17:23:12 [localhost-startStop-1] INFO  o.s.b.c.e.FilterRegistrationBean - Mapping filter: 'httpPutFormContentFilter' to: [/*]
2016-12-26 17:23:12 [localhost-startStop-1] INFO  o.s.b.c.e.FilterRegistrationBean - Mapping filter: 'requestContextFilter' to: [/*]
2016-12-26 17:23:12 [localhost-startStop-1] INFO  o.s.b.c.e.FilterRegistrationBean - Mapping filter: 'webStatFilter' to urls: [/*]
2016-12-26 17:23:12 [main] INFO  o.s.o.j.LocalContainerEntityManagerFactoryBean - Building JPA container EntityManagerFactory for persistence unit 'default'
2016-12-26 17:23:14 [main] INFO  c.a.druid.pool.DruidDataSource - {dataSource-1} inited
2016-12-26 17:23:17 [main] INFO  o.s.w.s.m.m.a.RequestMappingHandlerAdapter - Looking for @ControllerAdvice: org.springframework.boot.context.embedded.AnnotationConfigEmbeddedWebApplicationContext@229d10bd: startup date [Mon Dec 26 17:23:06 CST 2016]; root of context hierarchy
2016-12-26 17:23:17 [main] INFO  o.s.w.s.m.m.a.RequestMappingHandlerMapping - Mapped "{[/users/hehe]}" onto public java.lang.String hss.service.rest.UserRestServiceImpl.hehe()
2016-12-26 17:23:17 [main] INFO  o.s.w.s.m.m.a.RequestMappingHandlerMapping - Mapped "{[/users/],methods=[GET]}" onto public com.foreveross.springboot.dubbo.utils.Payload hss.service.rest.UserRestServiceImpl.getUserList()
2016-12-26 17:23:17 [main] INFO  o.s.w.s.m.m.a.RequestMappingHandlerMapping - Mapped "{[/users/{id}],methods=[GET]}" onto public com.foreveross.springboot.dubbo.utils.Payload hss.service.rest.UserRestServiceImpl.getUserById(java.lang.Integer)
2016-12-26 17:23:17 [main] INFO  o.s.w.s.m.m.a.RequestMappingHandlerMapping - Mapped "{[/users/update/{id}],methods=[PUT]}" onto public com.foreveross.springboot.dubbo.utils.Payload hss.service.rest.UserRestServiceImpl.updateUserById(java.lang.Integer,hss.domain.User)
2016-12-26 17:23:17 [main] INFO  o.s.w.s.m.m.a.RequestMappingHandlerMapping - Mapped "{[/users/add],methods=[POST]}" onto public com.foreveross.springboot.dubbo.utils.Payload hss.service.rest.UserRestServiceImpl.createUser(hss.domain.User)
2016-12-26 17:23:17 [main] INFO  o.s.w.s.m.m.a.RequestMappingHandlerMapping - Mapped "{[/users/{id}],methods=[DELETE]}" onto public com.foreveross.springboot.dubbo.utils.Payload hss.service.rest.UserRestServiceImpl.deleteUserById(java.lang.Integer)
2016-12-26 17:23:17 [main] INFO  o.s.w.s.m.m.a.RequestMappingHandlerMapping - Mapped "{[/error]}" onto public org.springframework.http.ResponseEntity<java.util.Map<java.lang.String, java.lang.Object>> org.springframework.boot.autoconfigure.web.BasicErrorController.error(javax.servlet.http.HttpServletRequest)
2016-12-26 17:23:17 [main] INFO  o.s.w.s.m.m.a.RequestMappingHandlerMapping - Mapped "{[/error],produces=[text/html]}" onto public org.springframework.web.servlet.ModelAndView org.springframework.boot.autoconfigure.web.BasicErrorController.errorHtml(javax.servlet.http.HttpServletRequest,javax.servlet.http.HttpServletResponse)
2016-12-26 17:23:17 [main] INFO  o.s.w.s.c.a.WebMvcConfigurerAdapter - Adding welcome page: ServletContext resource [/index.html]
2016-12-26 17:23:17 [main] INFO  o.s.w.s.h.SimpleUrlHandlerMapping - Root mapping to handler of type [class org.springframework.web.servlet.mvc.ParameterizableViewController]
2016-12-26 17:23:17 [main] INFO  o.s.w.s.h.SimpleUrlHandlerMapping - Mapped URL path [/webjars/**] onto handler of type [class org.springframework.web.servlet.resource.ResourceHttpRequestHandler]
2016-12-26 17:23:17 [main] INFO  o.s.w.s.h.SimpleUrlHandlerMapping - Mapped URL path [/**] onto handler of type [class org.springframework.web.servlet.resource.ResourceHttpRequestHandler]
2016-12-26 17:23:17 [main] INFO  o.s.w.s.h.SimpleUrlHandlerMapping - Mapped URL path [/**/favicon.ico] onto handler of type [class org.springframework.web.servlet.resource.ResourceHttpRequestHandler]
2016-12-26 17:23:17 [main] WARN  o.s.b.f.a.AutowiredAnnotationBeanPostProcessor - Autowired annotation is not supported on static fields: private static java.lang.String com.foreveross.springboot.dubbo.autoconfigure.JsonDateSerializer.DATE_DEFAULT_PATTERN
2016-12-26 17:23:17 [main] INFO  o.s.j.e.a.AnnotationMBeanExporter - Registering beans for JMX exposure on startup
2016-12-26 17:23:17 [main] INFO  o.s.j.e.a.AnnotationMBeanExporter - Bean with name 'druidDataSource' has been autodetected for JMX exposure
2016-12-26 17:23:18 [main] INFO  o.s.j.e.a.AnnotationMBeanExporter - Located MBean 'druidDataSource': registering with JMX server as MBean [com.alibaba.druid.pool:name=druidDataSource,type=DruidDataSource]
2016-12-26 17:23:18 [main] INFO  o.s.b.c.e.t.TomcatEmbeddedServletContainer - Tomcat started on port(s): 8888 (http)
2016-12-26 17:23:18 [main] INFO  hss.Application - Started Application in 13.268 seconds (JVM running for 14.103)
2016-12-26 17:23:41 [http-nio-8888-exec-1] INFO  o.a.c.c.C.[Tomcat].[localhost].[/] - Initializing Spring FrameworkServlet 'dispatcherServlet'
2016-12-26 17:23:41 [http-nio-8888-exec-1] INFO  o.s.web.servlet.DispatcherServlet - FrameworkServlet 'dispatcherServlet': initialization started
2016-12-26 17:23:41 [http-nio-8888-exec-1] INFO  o.s.web.servlet.DispatcherServlet - FrameworkServlet 'dispatcherServlet': initialization completed in 42 ms
2016-12-26 17:25:07 [main] INFO  hss.Application - Starting Application on Foreveross-PC with PID 6516 (C:\Users\Foreveross\IdeaProjects\sihouzi\target\classes started by Foreveross in C:\Users\Foreveross\IdeaProjects\sihouzi)
2016-12-26 17:25:07 [main] INFO  hss.Application - The following profiles are active: prod
2016-12-26 17:25:07 [main] INFO  o.s.b.f.xml.XmlBeanDefinitionReader - Loading XML bean definitions from file [C:\Users\Foreveross\IdeaProjects\sihouzi\target\classes\spring\services.xml]
2016-12-26 17:25:07 [main] INFO  o.s.b.c.e.AnnotationConfigEmbeddedWebApplicationContext - Refreshing org.springframework.boot.context.embedded.AnnotationConfigEmbeddedWebApplicationContext@229d10bd: startup date [Mon Dec 26 17:25:07 CST 2016]; root of context hierarchy
2016-12-26 17:25:10 [main] INFO  o.s.c.s.PostProcessorRegistrationDelegate$BeanPostProcessorChecker - Bean 'org.springframework.transaction.annotation.ProxyTransactionManagementConfiguration' of type [class org.springframework.transaction.annotation.ProxyTransactionManagementConfiguration$$EnhancerBySpringCGLIB$$b564c6c9] is not eligible for getting processed by all BeanPostProcessors (for example: not eligible for auto-proxying)
2016-12-26 17:25:12 [main] INFO  o.s.b.c.e.t.TomcatEmbeddedServletContainer - Tomcat initialized with port(s): 8888 (http)
2016-12-26 17:25:12 [main] INFO  o.a.catalina.core.StandardService - Starting service Tomcat
2016-12-26 17:25:12 [main] INFO  o.a.catalina.core.StandardEngine - Starting Servlet Engine: Apache Tomcat/8.0.33
2016-12-26 17:25:12 [localhost-startStop-1] INFO  o.apache.jasper.servlet.TldScanner - At least one JAR was scanned for TLDs yet contained no TLDs. Enable debug logging for this logger for a complete list of JARs that were scanned but no TLDs were found in them. Skipping unneeded JARs during scanning can improve startup time and JSP compilation time.
2016-12-26 17:25:12 [localhost-startStop-1] INFO  o.a.c.c.C.[Tomcat].[localhost].[/] - Initializing Spring embedded WebApplicationContext
2016-12-26 17:25:12 [localhost-startStop-1] INFO  o.s.web.context.ContextLoader - Root WebApplicationContext: initialization completed in 5279 ms
2016-12-26 17:25:13 [localhost-startStop-1] INFO  o.s.b.c.e.ServletRegistrationBean - Mapping servlet: 'dispatcherServlet' to [/]
2016-12-26 17:25:13 [localhost-startStop-1] INFO  o.s.b.c.e.ServletRegistrationBean - Mapping servlet: 'dubbox-dispatcherServlet' to [/api/*]
2016-12-26 17:25:13 [localhost-startStop-1] INFO  o.s.b.c.e.ServletRegistrationBean - Mapping servlet: 'statViewServlet' to [/druid/*]
2016-12-26 17:25:13 [localhost-startStop-1] INFO  o.s.b.c.e.FilterRegistrationBean - Mapping filter: 'characterEncodingFilter' to: [/*]
2016-12-26 17:25:13 [localhost-startStop-1] INFO  o.s.b.c.e.FilterRegistrationBean - Mapping filter: 'hiddenHttpMethodFilter' to: [/*]
2016-12-26 17:25:13 [localhost-startStop-1] INFO  o.s.b.c.e.FilterRegistrationBean - Mapping filter: 'httpPutFormContentFilter' to: [/*]
2016-12-26 17:25:13 [localhost-startStop-1] INFO  o.s.b.c.e.FilterRegistrationBean - Mapping filter: 'requestContextFilter' to: [/*]
2016-12-26 17:25:13 [localhost-startStop-1] INFO  o.s.b.c.e.FilterRegistrationBean - Mapping filter: 'webStatFilter' to urls: [/*]
2016-12-26 17:25:14 [main] INFO  o.s.o.j.LocalContainerEntityManagerFactoryBean - Building JPA container EntityManagerFactory for persistence unit 'default'
2016-12-26 17:25:15 [main] INFO  c.a.druid.pool.DruidDataSource - {dataSource-1} inited
2016-12-26 17:25:17 [main] INFO  o.s.w.s.m.m.a.RequestMappingHandlerAdapter - Looking for @ControllerAdvice: org.springframework.boot.context.embedded.AnnotationConfigEmbeddedWebApplicationContext@229d10bd: startup date [Mon Dec 26 17:25:07 CST 2016]; root of context hierarchy
2016-12-26 17:25:17 [main] INFO  o.s.w.s.m.m.a.RequestMappingHandlerMapping - Mapped "{[/shop/hehe]}" onto public java.lang.String hss.service.rest.ShopRestServiceImpl.hehe()
2016-12-26 17:25:17 [main] INFO  o.s.w.s.m.m.a.RequestMappingHandlerMapping - Mapped "{[/shop/update/{id}],methods=[PUT]}" onto public com.foreveross.springboot.dubbo.utils.Payload hss.service.rest.ShopRestServiceImpl.updateShopById(java.lang.Integer,hss.domain.Shop)
2016-12-26 17:25:17 [main] INFO  o.s.w.s.m.m.a.RequestMappingHandlerMapping - Mapped "{[/shop/],methods=[GET]}" onto public com.foreveross.springboot.dubbo.utils.Payload hss.service.rest.ShopRestServiceImpl.getShopList()
2016-12-26 17:25:17 [main] INFO  o.s.w.s.m.m.a.RequestMappingHandlerMapping - Mapped "{[/shop/{id}],methods=[GET]}" onto public com.foreveross.springboot.dubbo.utils.Payload hss.service.rest.ShopRestServiceImpl.getShopById(java.lang.Integer)
2016-12-26 17:25:17 [main] INFO  o.s.w.s.m.m.a.RequestMappingHandlerMapping - Mapped "{[/shop/add],methods=[POST]}" onto public com.foreveross.springboot.dubbo.utils.Payload hss.service.rest.ShopRestServiceImpl.createShop(hss.domain.Shop)
2016-12-26 17:25:17 [main] INFO  o.s.w.s.m.m.a.RequestMappingHandlerMapping - Mapped "{[/shop/{id}],methods=[DELETE]}" onto public com.foreveross.springboot.dubbo.utils.Payload hss.service.rest.ShopRestServiceImpl.deleteShopById(java.lang.Integer)
2016-12-26 17:25:17 [main] INFO  o.s.w.s.m.m.a.RequestMappingHandlerMapping - Mapped "{[/users/hehe]}" onto public java.lang.String hss.service.rest.UserRestServiceImpl.hehe()
2016-12-26 17:25:17 [main] INFO  o.s.w.s.m.m.a.RequestMappingHandlerMapping - Mapped "{[/users/add],methods=[POST]}" onto public com.foreveross.springboot.dubbo.utils.Payload hss.service.rest.UserRestServiceImpl.createUser(hss.domain.User)
2016-12-26 17:25:17 [main] INFO  o.s.w.s.m.m.a.RequestMappingHandlerMapping - Mapped "{[/users/{id}],methods=[GET]}" onto public com.foreveross.springboot.dubbo.utils.Payload hss.service.rest.UserRestServiceImpl.getUserById(java.lang.Integer)
2016-12-26 17:25:17 [main] INFO  o.s.w.s.m.m.a.RequestMappingHandlerMapping - Mapped "{[/users/update/{id}],methods=[PUT]}" onto public com.foreveross.springboot.dubbo.utils.Payload hss.service.rest.UserRestServiceImpl.updateUserById(java.lang.Integer,hss.domain.User)
2016-12-26 17:25:17 [main] INFO  o.s.w.s.m.m.a.RequestMappingHandlerMapping - Mapped "{[/users/],methods=[GET]}" onto public com.foreveross.springboot.dubbo.utils.Payload hss.service.rest.UserRestServiceImpl.getUserList()
2016-12-26 17:25:17 [main] INFO  o.s.w.s.m.m.a.RequestMappingHandlerMapping - Mapped "{[/users/{id}],methods=[DELETE]}" onto public com.foreveross.springboot.dubbo.utils.Payload hss.service.rest.UserRestServiceImpl.deleteUserById(java.lang.Integer)
2016-12-26 17:25:17 [main] INFO  o.s.w.s.m.m.a.RequestMappingHandlerMapping - Mapped "{[/error]}" onto public org.springframework.http.ResponseEntity<java.util.Map<java.lang.String, java.lang.Object>> org.springframework.boot.autoconfigure.web.BasicErrorController.error(javax.servlet.http.HttpServletRequest)
2016-12-26 17:25:17 [main] INFO  o.s.w.s.m.m.a.RequestMappingHandlerMapping - Mapped "{[/error],produces=[text/html]}" onto public org.springframework.web.servlet.ModelAndView org.springframework.boot.autoconfigure.web.BasicErrorController.errorHtml(javax.servlet.http.HttpServletRequest,javax.servlet.http.HttpServletResponse)
2016-12-26 17:25:17 [main] INFO  o.s.w.s.c.a.WebMvcConfigurerAdapter - Adding welcome page: ServletContext resource [/index.html]
2016-12-26 17:25:17 [main] INFO  o.s.w.s.h.SimpleUrlHandlerMapping - Root mapping to handler of type [class org.springframework.web.servlet.mvc.ParameterizableViewController]
2016-12-26 17:25:17 [main] INFO  o.s.w.s.h.SimpleUrlHandlerMapping - Mapped URL path [/webjars/**] onto handler of type [class org.springframework.web.servlet.resource.ResourceHttpRequestHandler]
2016-12-26 17:25:17 [main] INFO  o.s.w.s.h.SimpleUrlHandlerMapping - Mapped URL path [/**] onto handler of type [class org.springframework.web.servlet.resource.ResourceHttpRequestHandler]
2016-12-26 17:25:17 [main] INFO  o.s.w.s.h.SimpleUrlHandlerMapping - Mapped URL path [/**/favicon.ico] onto handler of type [class org.springframework.web.servlet.resource.ResourceHttpRequestHandler]
2016-12-26 17:25:17 [main] WARN  o.s.b.f.a.AutowiredAnnotationBeanPostProcessor - Autowired annotation is not supported on static fields: private static java.lang.String com.foreveross.springboot.dubbo.autoconfigure.JsonDateSerializer.DATE_DEFAULT_PATTERN
2016-12-26 17:25:18 [main] INFO  o.s.j.e.a.AnnotationMBeanExporter - Registering beans for JMX exposure on startup
2016-12-26 17:25:18 [main] INFO  o.s.j.e.a.AnnotationMBeanExporter - Bean with name 'druidDataSource' has been autodetected for JMX exposure
2016-12-26 17:25:18 [main] INFO  o.s.j.e.a.AnnotationMBeanExporter - Located MBean 'druidDataSource': registering with JMX server as MBean [com.alibaba.druid.pool:name=druidDataSource,type=DruidDataSource]
2016-12-26 17:25:18 [main] INFO  o.s.b.c.e.t.TomcatEmbeddedServletContainer - Tomcat started on port(s): 8888 (http)
2016-12-26 17:25:18 [main] INFO  hss.Application - Started Application in 12.154 seconds (JVM running for 13.137)
2016-12-26 17:25:22 [http-nio-8888-exec-1] INFO  o.a.c.c.C.[Tomcat].[localhost].[/] - Initializing Spring FrameworkServlet 'dispatcherServlet'
2016-12-26 17:25:22 [http-nio-8888-exec-1] INFO  o.s.web.servlet.DispatcherServlet - FrameworkServlet 'dispatcherServlet': initialization started
2016-12-26 17:25:22 [http-nio-8888-exec-1] INFO  o.s.web.servlet.DispatcherServlet - FrameworkServlet 'dispatcherServlet': initialization completed in 33 ms
